Start Time:	10/24/2014 3:33:48 PM
Units:	Deg C
Thermocouple:	J
Device:	019811EA
Logging Interval:	1 second(s)
Description:	Warmed water to 66deg C using heating mantle, returned to room temp at 3:33:00 PM. Measured with no lid and thermocouple in,


Time	Temp
3:33:49 PM	44.1
3:33:50 PM	44.1
3:33:51 PM	44.0
3:33:52 PM	44.0
3:33:53 PM	44.0
3:33:54 PM	43.9
3:33:55 PM	43.9
3:33:56 PM	43.8
3:33:57 PM	43.8
3:33:58 PM	43.7
3:33:59 PM	43.7
3:34:00 PM	43.7
3:34:01 PM	43.6
3:34:02 PM	43.6
3:34:03 PM	43.5
3:34:04 PM	43.5
3:34:05 PM	43.4
3:34:06 PM	43.4
3:34:07 PM	43.4
3:34:08 PM	43.3
3:34:09 PM	43.3
3:34:10 PM	43.2
3:34:11 PM	43.2
3:34:12 PM	43.1
3:34:13 PM	43.1
3:34:14 PM	43.1
3:34:15 PM	43.0
3:34:16 PM	43.0
3:34:17 PM	42.9
3:34:18 PM	42.9
3:34:19 PM	42.9
3:34:20 PM	42.8
3:34:21 PM	42.8
3:34:22 PM	42.7
3:34:23 PM	42.7
3:34:24 PM	42.7
3:34:25 PM	42.6
3:34:26 PM	42.6
3:34:27 PM	42.6
3:34:28 PM	42.5
3:34:29 PM	42.5
3:34:30 PM	42.4
3:34:31 PM	42.4
3:34:32 PM	42.4
3:34:33 PM	42.3
3:34:34 PM	42.3
3:34:35 PM	42.3
3:34:36 PM	42.2
3:34:37 PM	42.2
3:34:38 PM	42.2
3:34:39 PM	42.1
3:34:40 PM	42.1
3:34:41 PM	42.1
3:34:42 PM	42.0
3:34:43 PM	42.0
3:34:44 PM	41.9
3:34:45 PM	41.9
3:34:46 PM	41.9
3:34:47 PM	41.8
3:34:48 PM	41.8
3:34:49 PM	41.8
3:34:50 PM	41.8
3:34:51 PM	41.7
3:34:52 PM	41.7
3:34:53 PM	41.7
3:34:54 PM	41.6
3:34:55 PM	41.6
3:34:56 PM	41.6
3:34:57 PM	41.6
3:34:58 PM	41.5
3:34:59 PM	41.5
3:35:00 PM	41.5
3:35:02 PM	41.5
3:35:03 PM	41.4
3:35:04 PM	41.4
3:35:05 PM	41.4
3:35:06 PM	41.3
3:35:07 PM	41.3
3:35:08 PM	41.3
3:35:09 PM	41.3
3:35:10 PM	41.2
3:35:11 PM	41.2
3:35:12 PM	41.2
3:35:13 PM	41.2
3:35:14 PM	41.1
3:35:15 PM	41.1
3:35:16 PM	41.1
3:35:17 PM	41.0
3:35:18 PM	41.0
3:35:19 PM	41.0
3:35:20 PM	41.0
3:35:21 PM	40.9
3:35:22 PM	40.9
3:35:23 PM	40.9
3:35:24 PM	40.9
3:35:25 PM	40.8
3:35:26 PM	40.8
3:35:27 PM	40.8
3:35:28 PM	40.8
3:35:29 PM	40.7
3:35:30 PM	40.7
3:35:31 PM	40.7
3:35:32 PM	40.7
3:35:33 PM	40.6
3:35:34 PM	40.6
3:35:35 PM	40.6
3:35:36 PM	40.6
3:35:37 PM	40.5
3:35:38 PM	40.5
3:35:39 PM	40.5
3:35:40 PM	40.5
3:35:41 PM	40.4
3:35:42 PM	40.4
3:35:43 PM	40.4
3:35:44 PM	40.4
3:35:45 PM	40.3
3:35:46 PM	40.3
3:35:47 PM	40.3
3:35:48 PM	40.3
3:35:49 PM	40.2
3:35:50 PM	40.2
3:35:51 PM	40.2
3:35:52 PM	40.2
3:35:53 PM	40.1
3:35:54 PM	40.1
3:35:55 PM	40.1
3:35:56 PM	40.1
3:35:57 PM	40.0
3:35:58 PM	40.0
3:35:59 PM	40.0
3:36:00 PM	40.0
3:36:01 PM	39.9
3:36:02 PM	39.9
3:36:03 PM	39.9
3:36:04 PM	39.9
3:36:05 PM	39.8
3:36:06 PM	39.8
3:36:07 PM	39.8
3:36:08 PM	39.8
3:36:09 PM	39.8
3:36:10 PM	39.7
3:36:11 PM	39.7
3:36:12 PM	39.7
3:36:14 PM	39.7
3:36:15 PM	39.6
3:36:16 PM	39.6
3:36:17 PM	39.6
3:36:18 PM	39.6
3:36:19 PM	39.5
3:36:20 PM	39.5
3:36:21 PM	39.5
3:36:22 PM	39.5
3:36:23 PM	39.5
3:36:24 PM	39.4
3:36:25 PM	39.4
3:36:26 PM	39.4
3:36:27 PM	39.4
3:36:28 PM	39.3
3:36:29 PM	39.3
3:36:30 PM	39.3
3:36:31 PM	39.3
3:36:32 PM	39.2
3:36:33 PM	39.2
3:36:34 PM	39.2
3:36:35 PM	39.2
3:36:36 PM	39.2
3:36:37 PM	39.1
3:36:38 PM	39.1
3:36:39 PM	39.1
3:36:40 PM	39.1
3:36:41 PM	39.0
3:36:42 PM	39.0
3:36:43 PM	39.0
3:36:44 PM	39.0
3:36:45 PM	39.0
3:36:46 PM	38.9
3:36:47 PM	38.9
3:36:48 PM	38.9
3:36:49 PM	38.9
3:36:50 PM	38.9
3:36:51 PM	38.8
3:36:52 PM	38.8
3:36:53 PM	38.8
3:36:54 PM	38.8
3:36:55 PM	38.7
3:36:56 PM	38.7
3:36:57 PM	38.7
3:36:58 PM	38.7
3:36:59 PM	38.7
3:37:00 PM	38.6
3:37:01 PM	38.6
3:37:02 PM	38.6
3:37:03 PM	38.6
3:37:04 PM	38.6
3:37:05 PM	38.5
3:37:06 PM	38.5
3:37:07 PM	38.5
3:37:08 PM	38.5
3:37:09 PM	38.4
3:37:10 PM	38.4
3:37:11 PM	38.4
3:37:12 PM	38.4
3:37:13 PM	38.4
3:37:14 PM	38.4
3:37:15 PM	38.3
3:37:16 PM	38.3
3:37:17 PM	38.3
3:37:18 PM	38.3
3:37:19 PM	38.3
3:37:20 PM	38.2
3:37:21 PM	38.2
3:37:22 PM	38.2
3:37:23 PM	38.2
3:37:24 PM	38.1
3:37:26 PM	38.1
3:37:27 PM	38.1
3:37:28 PM	38.1
3:37:29 PM	38.0
3:37:30 PM	38.0
3:37:31 PM	38.0
3:37:32 PM	37.9
3:37:33 PM	38.0
3:37:34 PM	38.0
3:37:35 PM	38.0
3:37:36 PM	37.9
3:37:37 PM	37.9
3:37:38 PM	37.8
3:37:39 PM	37.8
3:37:40 PM	37.8
3:37:41 PM	37.8
3:37:42 PM	37.8
3:37:43 PM	37.7
3:37:44 PM	37.7
3:37:45 PM	37.7
3:37:46 PM	37.7
3:37:47 PM	37.7
3:37:48 PM	37.6
3:37:49 PM	37.6
3:37:50 PM	37.6
3:37:51 PM	37.6
3:37:52 PM	37.6
3:37:53 PM	37.5
3:37:54 PM	37.5
3:37:55 PM	37.5
3:37:56 PM	37.5
3:37:57 PM	37.5
3:37:58 PM	37.4
3:37:59 PM	37.4
3:38:00 PM	37.4
3:38:01 PM	37.4
3:38:02 PM	37.4
3:38:03 PM	37.4
3:38:04 PM	37.3
3:38:05 PM	37.3
3:38:06 PM	37.3
3:38:07 PM	37.3
3:38:08 PM	37.3
3:38:09 PM	37.2
3:38:10 PM	37.2
3:38:11 PM	37.2
3:38:12 PM	37.2
3:38:13 PM	37.2
3:38:14 PM	37.2
3:38:15 PM	37.1
3:38:16 PM	37.1
3:38:17 PM	37.1
3:38:18 PM	37.1
3:38:19 PM	37.1
3:38:20 PM	37.0
3:38:21 PM	37.0
3:38:22 PM	37.0
3:38:23 PM	37.0
3:38:24 PM	37.0
3:38:25 PM	37.0
3:38:26 PM	36.9
3:38:27 PM	36.9
3:38:28 PM	36.9
3:38:29 PM	36.9
3:38:30 PM	36.9
3:38:31 PM	36.8
3:38:32 PM	36.8
3:38:33 PM	36.8
3:38:34 PM	36.8
3:38:35 PM	36.8
3:38:36 PM	36.8
3:38:38 PM	36.8
3:38:39 PM	36.7
3:38:40 PM	36.7
3:38:41 PM	36.7
3:38:42 PM	36.7
3:38:43 PM	36.7
3:38:44 PM	36.6
3:38:45 PM	36.6
3:38:46 PM	36.6
3:38:47 PM	36.6
3:38:48 PM	36.6
3:38:49 PM	36.6
3:38:50 PM	36.5
3:38:51 PM	36.5
3:38:52 PM	36.5
3:38:53 PM	36.5
3:38:54 PM	36.5
3:38:55 PM	36.5
3:38:56 PM	36.4
3:38:57 PM	36.4
3:38:58 PM	36.4
3:38:59 PM	36.3
3:39:00 PM	36.3
3:39:01 PM	36.4
3:39:02 PM	36.3
3:39:03 PM	36.3
3:39:04 PM	36.3
3:39:05 PM	36.3
3:39:06 PM	36.2
3:39:07 PM	36.3
3:39:08 PM	36.2
3:39:09 PM	36.2
3:39:10 PM	36.2
3:39:11 PM	36.2
3:39:12 PM	36.2
3:39:13 PM	36.2
3:39:14 PM	36.1
3:39:15 PM	36.1
3:39:16 PM	36.1
3:39:17 PM	36.1
3:39:18 PM	36.1
3:39:19 PM	36.0
3:39:20 PM	36.0
3:39:21 PM	36.0
3:39:22 PM	36.0
3:39:23 PM	35.9
3:39:24 PM	36.0
3:39:25 PM	35.9
3:39:26 PM	35.9
3:39:27 PM	35.9
3:39:28 PM	35.9
3:39:29 PM	35.9
3:39:30 PM	35.8
3:39:31 PM	35.8
3:39:32 PM	35.8
3:39:33 PM	35.8
3:39:34 PM	35.8
3:39:35 PM	35.7
3:39:36 PM	35.7
3:39:37 PM	35.8
3:39:38 PM	35.8
3:39:39 PM	35.7
3:39:40 PM	35.7
3:39:41 PM	35.7
3:39:42 PM	35.6
3:39:43 PM	35.6
3:39:44 PM	35.6
3:39:45 PM	35.6
3:39:46 PM	35.6
3:39:47 PM	35.6
3:39:48 PM	35.6
3:39:50 PM	35.5
3:39:51 PM	35.5
3:39:52 PM	35.5
3:39:53 PM	35.5
3:39:54 PM	35.5
3:39:55 PM	35.5
3:39:56 PM	35.4
3:39:57 PM	35.4
3:39:58 PM	35.4
3:39:59 PM	35.4
3:40:00 PM	35.4
3:40:01 PM	35.4
3:40:02 PM	35.3
3:40:03 PM	35.3
3:40:04 PM	35.3
3:40:05 PM	35.3
3:40:06 PM	35.3
3:40:07 PM	35.3
3:40:08 PM	35.3
3:40:09 PM	35.2
3:40:10 PM	35.2
3:40:11 PM	35.2
3:40:12 PM	35.2
3:40:13 PM	35.2
3:40:14 PM	35.2
3:40:15 PM	35.2
3:40:16 PM	35.1
3:40:17 PM	35.1
3:40:18 PM	35.1
3:40:19 PM	35.1
3:40:20 PM	35.1
3:40:21 PM	35.1
3:40:22 PM	35.1
3:40:23 PM	35.0
3:40:24 PM	35.0
3:40:25 PM	35.0
3:40:26 PM	35.0
3:40:27 PM	35.0
3:40:28 PM	35.0
3:40:29 PM	34.9
3:40:30 PM	34.9
3:40:31 PM	34.9
3:40:32 PM	34.9
3:40:33 PM	34.9
3:40:34 PM	34.9
3:40:35 PM	34.9
3:40:36 PM	34.8
3:40:37 PM	34.8
3:40:38 PM	34.8
3:40:39 PM	34.8
3:40:40 PM	34.8
3:40:41 PM	34.8
3:40:42 PM	34.8
3:40:43 PM	34.7
3:40:44 PM	34.7
3:40:45 PM	34.7
3:40:46 PM	34.7
3:40:47 PM	34.7
3:40:48 PM	34.7
3:40:49 PM	34.7
3:40:50 PM	34.6
3:40:51 PM	34.6
3:40:52 PM	34.6
3:40:53 PM	34.6
3:40:54 PM	34.6
3:40:55 PM	34.6
3:40:56 PM	34.6
3:40:57 PM	34.5
3:40:58 PM	34.5
3:40:59 PM	34.5
3:41:00 PM	34.5
3:41:02 PM	34.5
3:41:03 PM	34.5
3:41:04 PM	34.5
3:41:05 PM	34.4
3:41:06 PM	34.4
3:41:07 PM	34.4
3:41:08 PM	34.4
3:41:09 PM	34.4
3:41:10 PM	34.4
3:41:11 PM	34.3
3:41:12 PM	34.3
3:41:13 PM	34.3
3:41:14 PM	34.3
3:41:15 PM	34.3
3:41:16 PM	34.3
3:41:17 PM	34.3
3:41:18 PM	34.3
3:41:19 PM	34.2
3:41:20 PM	34.2
3:41:21 PM	34.2
3:41:22 PM	34.2
3:41:23 PM	34.2
3:41:24 PM	34.2
3:41:25 PM	34.2
3:41:26 PM	34.1
3:41:27 PM	34.1
3:41:28 PM	34.1
3:41:29 PM	34.1
3:41:30 PM	34.1
3:41:31 PM	34.1
3:41:32 PM	34.1
3:41:33 PM	34.0
3:41:34 PM	34.0
3:41:35 PM	34.0
3:41:36 PM	34.0
3:41:37 PM	34.0
3:41:38 PM	34.0
3:41:39 PM	34.0
3:41:40 PM	33.9
3:41:41 PM	33.9
3:41:42 PM	33.9
3:41:43 PM	33.9
3:41:44 PM	33.9
3:41:45 PM	33.9
3:41:46 PM	33.9
3:41:47 PM	33.8
3:41:48 PM	33.8
3:41:49 PM	33.8
3:41:50 PM	33.8
3:41:51 PM	33.8
3:41:52 PM	33.8
3:41:53 PM	33.8
3:41:54 PM	33.8
3:41:55 PM	33.7
3:41:56 PM	33.7
3:41:57 PM	33.7
3:41:58 PM	33.7
3:41:59 PM	33.7
3:42:00 PM	33.7
3:42:01 PM	33.7
3:42:02 PM	33.7
3:42:03 PM	33.6
3:42:04 PM	33.6
3:42:05 PM	33.6
3:42:06 PM	33.6
3:42:07 PM	33.6
3:42:08 PM	33.6
3:42:09 PM	33.6
3:42:10 PM	33.5
3:42:11 PM	33.5
3:42:12 PM	33.5
3:42:13 PM	33.5
3:42:15 PM	33.5
3:42:16 PM	33.5
3:42:17 PM	33.5
3:42:18 PM	33.5
3:42:19 PM	33.4
3:42:20 PM	33.4
3:42:21 PM	33.4
3:42:22 PM	33.4
3:42:23 PM	33.4
3:42:24 PM	33.4
3:42:25 PM	33.4
3:42:26 PM	33.4
3:42:27 PM	33.3
3:42:28 PM	33.3
3:42:29 PM	33.3
3:42:30 PM	33.3
3:42:31 PM	33.3
3:42:32 PM	33.3
3:42:33 PM	33.3
3:42:34 PM	33.2
3:42:35 PM	33.2
3:42:36 PM	33.2
3:42:37 PM	33.2
3:42:38 PM	33.2
3:42:39 PM	33.2
3:42:40 PM	33.2
3:42:41 PM	33.2
3:42:42 PM	33.2
3:42:43 PM	33.1
3:42:44 PM	33.1
3:42:45 PM	33.1
3:42:46 PM	33.1
3:42:47 PM	33.1
3:42:48 PM	33.1
3:42:49 PM	33.1
3:42:50 PM	33.0
3:42:51 PM	33.0
3:42:52 PM	33.0
3:42:53 PM	33.0
3:42:54 PM	33.0
3:42:55 PM	33.0
3:42:56 PM	33.0
3:42:57 PM	33.0
3:42:58 PM	32.9
3:42:59 PM	32.9
3:43:00 PM	32.9
3:43:01 PM	32.9
3:43:02 PM	32.9
3:43:03 PM	32.9
3:43:04 PM	32.9
3:43:05 PM	32.9
3:43:06 PM	32.8
3:43:07 PM	32.9
3:43:08 PM	32.8
3:43:09 PM	32.8
3:43:10 PM	32.9
3:43:11 PM	32.8
3:43:12 PM	32.8
3:43:13 PM	32.8
3:43:14 PM	32.7
3:43:15 PM	32.7
3:43:16 PM	32.7
3:43:17 PM	32.8
3:43:18 PM	32.7
3:43:19 PM	32.7
3:43:20 PM	32.7
3:43:21 PM	32.6
3:43:22 PM	32.6
3:43:23 PM	32.6
3:43:24 PM	32.6
3:43:25 PM	32.7
3:43:27 PM	32.6
3:43:28 PM	32.6
3:43:29 PM	32.6
3:43:30 PM	32.5
3:43:31 PM	32.5
3:43:32 PM	32.6
3:43:33 PM	32.6
3:43:34 PM	32.5
3:43:35 PM	32.5
3:43:36 PM	32.5
3:43:37 PM	32.5
3:43:38 PM	32.4
3:43:39 PM	32.5
3:43:40 PM	32.5
3:43:41 PM	32.4
3:43:42 PM	32.5
3:43:43 PM	32.4
3:43:44 PM	32.4
3:43:45 PM	32.4
3:43:46 PM	32.4
3:43:47 PM	32.4
3:43:48 PM	32.4
3:43:49 PM	32.4
3:43:50 PM	32.4
3:43:51 PM	32.4
3:43:52 PM	32.3
3:43:53 PM	32.3
3:43:54 PM	32.3
3:43:55 PM	32.3
3:43:56 PM	32.3
3:43:57 PM	32.3
3:43:58 PM	32.3
3:43:59 PM	32.3
3:44:00 PM	32.2
3:44:01 PM	32.2
3:44:02 PM	32.2
3:44:03 PM	32.2
3:44:04 PM	32.2
3:44:05 PM	32.2
3:44:06 PM	32.2
3:44:07 PM	32.2
3:44:08 PM	32.1
3:44:09 PM	32.1
3:44:10 PM	32.1
3:44:11 PM	32.1
3:44:12 PM	32.1
3:44:13 PM	32.1
3:44:14 PM	32.1
3:44:15 PM	32.1
3:44:16 PM	32.0
3:44:17 PM	32.0
3:44:18 PM	32.0
3:44:19 PM	32.0
3:44:20 PM	32.0
3:44:21 PM	32.0
3:44:22 PM	32.0
3:44:23 PM	32.0
3:44:24 PM	32.0
3:44:25 PM	31.9
3:44:26 PM	31.9
3:44:27 PM	31.9
3:44:28 PM	31.9
3:44:29 PM	31.9
3:44:30 PM	31.9
3:44:31 PM	31.9
3:44:32 PM	31.9
3:44:33 PM	31.9
3:44:34 PM	31.8
3:44:35 PM	31.8
3:44:36 PM	31.8
3:44:37 PM	31.8
3:44:39 PM	31.8
3:44:40 PM	31.8
3:44:41 PM	31.8
3:44:42 PM	31.8
3:44:43 PM	31.8
3:44:44 PM	31.7
3:44:45 PM	31.7
3:44:46 PM	31.7
3:44:47 PM	31.7
3:44:48 PM	31.7
3:44:49 PM	31.7
3:44:50 PM	31.7
3:44:51 PM	31.7
3:44:52 PM	31.6
3:44:53 PM	31.6
3:44:54 PM	31.6
3:44:55 PM	31.6
3:44:56 PM	31.6
3:44:57 PM	31.6
3:44:58 PM	31.6
3:44:59 PM	31.6
3:45:00 PM	31.6
3:45:01 PM	31.5
3:45:02 PM	31.5
3:45:03 PM	31.5
3:45:04 PM	31.5
3:45:05 PM	31.5
3:45:06 PM	31.5
3:45:07 PM	31.5
3:45:08 PM	31.5
3:45:09 PM	31.5
3:45:10 PM	31.4
3:45:11 PM	31.4
3:45:12 PM	31.4
3:45:13 PM	31.4
3:45:14 PM	31.4
3:45:15 PM	31.4
3:45:16 PM	31.4
3:45:17 PM	31.4
3:45:18 PM	31.4
3:45:19 PM	31.4
3:45:20 PM	31.3
3:45:21 PM	31.4
3:45:22 PM	31.3
3:45:23 PM	31.3
3:45:24 PM	31.4
3:45:25 PM	31.3
3:45:26 PM	31.3
3:45:27 PM	31.3
3:45:28 PM	31.2
3:45:29 PM	31.2
3:45:30 PM	31.3
3:45:31 PM	31.3
3:45:32 PM	31.2
3:45:33 PM	31.3
3:45:34 PM	31.2
3:45:35 PM	31.2
3:45:36 PM	31.2
3:45:37 PM	31.2
3:45:38 PM	31.2
3:45:39 PM	31.1
3:45:40 PM	31.2
3:45:41 PM	31.1
3:45:42 PM	31.2
3:45:43 PM	31.1
3:45:44 PM	31.1
3:45:45 PM	31.1
3:45:46 PM	31.1
3:45:47 PM	31.1
3:45:48 PM	31.1
3:45:49 PM	31.1
3:45:51 PM	31.1
3:45:52 PM	31.1
3:45:53 PM	31.0
3:45:54 PM	31.0
3:45:55 PM	31.0
3:45:56 PM	31.0
3:45:57 PM	31.0
3:45:58 PM	31.0
3:45:59 PM	31.0
3:46:00 PM	31.0
3:46:01 PM	31.0
3:46:02 PM	30.9
3:46:03 PM	30.9
3:46:04 PM	30.9
3:46:05 PM	30.9
3:46:06 PM	30.9
3:46:07 PM	30.9
3:46:08 PM	30.9
3:46:09 PM	30.9
3:46:10 PM	30.9
3:46:11 PM	30.8
3:46:12 PM	30.8
3:46:13 PM	30.8
3:46:14 PM	30.8
3:46:15 PM	30.8
3:46:16 PM	30.8
3:46:17 PM	30.8
3:46:18 PM	30.8
3:46:19 PM	30.8
3:46:20 PM	30.8
3:46:21 PM	30.7
3:46:22 PM	30.7
3:46:23 PM	30.7
3:46:24 PM	30.7
3:46:25 PM	30.7
3:46:26 PM	30.7
3:46:27 PM	30.7
3:46:28 PM	30.7
3:46:29 PM	30.7
3:46:30 PM	30.6
3:46:31 PM	30.6
3:46:32 PM	30.6
3:46:33 PM	30.6
3:46:34 PM	30.6
3:46:35 PM	30.6
3:46:36 PM	30.6
3:46:37 PM	30.6
3:46:38 PM	30.6
3:46:39 PM	30.6
3:46:40 PM	30.6
3:46:41 PM	30.5
3:46:42 PM	30.5
3:46:43 PM	30.5
3:46:44 PM	30.5
3:46:45 PM	30.5
3:46:46 PM	30.5
3:46:47 PM	30.5
3:46:48 PM	30.5
3:46:49 PM	30.5
3:46:50 PM	30.4
3:46:51 PM	30.4
3:46:52 PM	30.4
3:46:53 PM	30.4
3:46:54 PM	30.4
3:46:55 PM	30.4
3:46:56 PM	30.4
3:46:57 PM	30.4
3:46:58 PM	30.4
3:46:59 PM	30.4
3:47:00 PM	30.3
3:47:01 PM	30.3
3:47:03 PM	30.3
3:47:04 PM	30.3
3:47:05 PM	30.3
3:47:06 PM	30.3
3:47:07 PM	30.3
3:47:08 PM	30.3
3:47:09 PM	30.3
3:47:10 PM	30.3
3:47:11 PM	30.2
3:47:12 PM	30.2
3:47:13 PM	30.3
3:47:14 PM	30.2
3:47:15 PM	30.2
3:47:16 PM	30.3
3:47:17 PM	30.2
3:47:18 PM	30.2
3:47:19 PM	30.2
3:47:20 PM	30.2
3:47:21 PM	30.2
3:47:22 PM	30.2
3:47:23 PM	30.1
3:47:24 PM	30.2
3:47:25 PM	30.2
3:47:26 PM	30.2
3:47:27 PM	30.1
3:47:28 PM	30.1
3:47:29 PM	30.1
3:47:30 PM	30.1
3:47:31 PM	30.1
3:47:32 PM	30.1
3:47:33 PM	30.1
3:47:34 PM	30.1
3:47:35 PM	30.1
3:47:36 PM	30.0
3:47:37 PM	30.0
3:47:38 PM	30.0
3:47:39 PM	30.0
3:47:40 PM	30.0
3:47:41 PM	30.0
3:47:42 PM	30.0
3:47:43 PM	30.0
3:47:44 PM	30.0
3:47:45 PM	30.0
3:47:46 PM	30.0
3:47:47 PM	29.9
3:47:48 PM	29.9
3:47:49 PM	29.9
3:47:50 PM	29.9
3:47:51 PM	29.9
3:47:52 PM	29.9
3:47:53 PM	29.9
3:47:54 PM	29.9
3:47:55 PM	29.9
3:47:56 PM	29.9
3:47:57 PM	29.9
3:47:58 PM	29.8
3:47:59 PM	29.8
3:48:00 PM	29.8
3:48:01 PM	29.8
3:48:02 PM	29.8
3:48:03 PM	29.8
3:48:04 PM	29.8
3:48:05 PM	29.8
3:48:06 PM	29.8
3:48:07 PM	29.8
3:48:08 PM	29.8
3:48:09 PM	29.7
3:48:10 PM	29.7
3:48:11 PM	29.7
3:48:12 PM	29.7
3:48:13 PM	29.7
3:48:14 PM	29.7
3:48:16 PM	29.7
3:48:17 PM	29.7
3:48:18 PM	29.7
3:48:19 PM	29.7
3:48:20 PM	29.6
3:48:21 PM	29.6
3:48:22 PM	29.6
3:48:23 PM	29.6
3:48:24 PM	29.6
3:48:25 PM	29.6
3:48:26 PM	29.6
3:48:27 PM	29.6
3:48:28 PM	29.6
3:48:29 PM	29.6
3:48:30 PM	29.6
3:48:31 PM	29.5
3:48:32 PM	29.5
3:48:33 PM	29.5
3:48:34 PM	29.5
3:48:35 PM	29.5
3:48:36 PM	29.5
3:48:37 PM	29.5
3:48:38 PM	29.5
3:48:39 PM	29.5
3:48:40 PM	29.5
3:48:41 PM	29.5
3:48:42 PM	29.4
3:48:43 PM	29.4
3:48:44 PM	29.4
3:48:45 PM	29.4
3:48:46 PM	29.4
3:48:47 PM	29.4
3:48:48 PM	29.4
3:48:49 PM	29.4
3:48:50 PM	29.4
3:48:51 PM	29.4
3:48:52 PM	29.4
3:48:53 PM	29.4
3:48:54 PM	29.3
3:48:55 PM	29.3
3:48:56 PM	29.3
3:48:57 PM	29.3
3:48:58 PM	29.3
3:48:59 PM	29.3
3:49:00 PM	29.3
3:49:01 PM	29.3
3:49:02 PM	29.3
3:49:03 PM	29.3
3:49:04 PM	29.3
3:49:05 PM	29.2
3:49:06 PM	29.2
3:49:07 PM	29.2
3:49:08 PM	29.2
3:49:09 PM	29.2
3:49:10 PM	29.2
3:49:11 PM	29.2
3:49:12 PM	29.2
3:49:13 PM	29.2
3:49:14 PM	29.2
3:49:15 PM	29.2
3:49:16 PM	29.1
3:49:17 PM	29.1
3:49:18 PM	29.1
3:49:19 PM	29.1
3:49:20 PM	29.1
3:49:21 PM	29.1
3:49:22 PM	29.1
3:49:23 PM	29.1
3:49:24 PM	29.1
3:49:25 PM	29.1
3:49:26 PM	29.1
3:49:28 PM	29.1
3:49:29 PM	29.0
3:49:30 PM	29.0
3:49:31 PM	29.0
3:49:32 PM	29.0
3:49:33 PM	29.0
3:49:34 PM	29.0
3:49:35 PM	29.0
3:49:36 PM	29.0
3:49:37 PM	29.0
3:49:38 PM	29.0
3:49:39 PM	28.9
3:49:40 PM	28.9
3:49:41 PM	28.9
3:49:42 PM	28.9
3:49:43 PM	28.9
3:49:44 PM	28.9
3:49:45 PM	28.9
3:49:46 PM	28.9
3:49:47 PM	28.9
3:49:48 PM	28.9
3:49:49 PM	28.9
3:49:50 PM	28.9
3:49:51 PM	28.8
3:49:52 PM	28.8
3:49:53 PM	28.8
3:49:54 PM	28.9
3:49:55 PM	28.8
3:49:56 PM	28.8
3:49:57 PM	28.9
3:49:58 PM	28.8
3:49:59 PM	28.8
3:50:00 PM	28.8
3:50:01 PM	28.8
3:50:02 PM	28.8
3:50:03 PM	28.8
3:50:04 PM	28.7
3:50:05 PM	28.8
3:50:06 PM	28.7
3:50:07 PM	28.7
3:50:08 PM	28.7
3:50:09 PM	28.8
3:50:10 PM	28.7
3:50:11 PM	28.7
3:50:12 PM	28.7
3:50:13 PM	28.7
3:50:14 PM	28.7
3:50:15 PM	28.7
3:50:16 PM	28.7
3:50:17 PM	28.6
3:50:18 PM	28.7
3:50:19 PM	28.7
3:50:20 PM	28.7
3:50:21 PM	28.6
3:50:22 PM	28.7
3:50:23 PM	28.6
3:50:24 PM	28.6
3:50:25 PM	28.6
3:50:26 PM	28.6
3:50:27 PM	28.6
3:50:28 PM	28.6
3:50:29 PM	28.6
3:50:30 PM	28.6
3:50:31 PM	28.6
3:50:32 PM	28.6
3:50:33 PM	28.6
3:50:34 PM	28.6
3:50:35 PM	28.5
3:50:36 PM	28.5
3:50:37 PM	28.5
3:50:38 PM	28.5
3:50:40 PM	28.5
3:50:41 PM	28.5
3:50:42 PM	28.5
3:50:43 PM	28.5
3:50:44 PM	28.5
3:50:45 PM	28.5
3:50:46 PM	28.5
3:50:47 PM	28.5
3:50:48 PM	28.4
3:50:49 PM	28.4
3:50:50 PM	28.4
3:50:51 PM	28.4
3:50:52 PM	28.4
3:50:53 PM	28.4
3:50:54 PM	28.4
3:50:55 PM	28.4
3:50:56 PM	28.4
3:50:57 PM	28.4
3:50:58 PM	28.4
3:50:59 PM	28.4
3:51:00 PM	28.3
3:51:01 PM	28.3
3:51:02 PM	28.3
3:51:03 PM	28.3
3:51:04 PM	28.3
3:51:05 PM	28.3
3:51:06 PM	28.3
3:51:07 PM	28.3
3:51:08 PM	28.3
3:51:09 PM	28.3
3:51:10 PM	28.3
3:51:11 PM	28.3
3:51:12 PM	28.2
3:51:13 PM	28.2
3:51:14 PM	28.2
3:51:15 PM	28.2
3:51:16 PM	28.2
3:51:17 PM	28.2
3:51:18 PM	28.2
3:51:19 PM	28.2
3:51:20 PM	28.2
3:51:21 PM	28.2
3:51:22 PM	28.2
3:51:23 PM	28.2
3:51:24 PM	28.2
3:51:25 PM	28.1
3:51:26 PM	28.1
3:51:27 PM	28.1
3:51:28 PM	28.1
3:51:29 PM	28.1
3:51:30 PM	28.1
3:51:31 PM	28.1
3:51:32 PM	28.1
3:51:33 PM	28.1
3:51:34 PM	28.1
3:51:35 PM	28.1
3:51:36 PM	28.1
3:51:37 PM	28.0
3:51:38 PM	28.0
3:51:39 PM	28.0
3:51:40 PM	28.0
3:51:41 PM	28.0
3:51:42 PM	28.0
3:51:43 PM	28.0
3:51:44 PM	28.0
3:51:45 PM	28.0
3:51:46 PM	28.0
3:51:47 PM	28.0
3:51:48 PM	28.0
3:51:49 PM	28.0
3:51:50 PM	27.9
3:51:52 PM	27.9
3:51:53 PM	27.9
3:51:54 PM	27.9
3:51:55 PM	27.9
3:51:56 PM	27.9
3:51:57 PM	27.9
3:51:58 PM	27.9
3:51:59 PM	27.9
3:52:00 PM	27.9
3:52:01 PM	27.9
3:52:02 PM	27.9
3:52:03 PM	27.8
3:52:04 PM	27.8
3:52:05 PM	27.8
3:52:06 PM	27.8
3:52:07 PM	27.8
3:52:08 PM	27.9
3:52:09 PM	27.8
3:52:10 PM	27.8
3:52:11 PM	27.8
3:52:12 PM	27.8
3:52:13 PM	27.8
3:52:14 PM	27.8
3:52:15 PM	27.8
3:52:16 PM	27.8
3:52:17 PM	27.7
3:52:18 PM	27.8
3:52:19 PM	27.8
3:52:20 PM	27.7
3:52:21 PM	27.7
3:52:22 PM	27.8
3:52:23 PM	27.8
3:52:24 PM	27.7
3:52:25 PM	27.7
3:52:26 PM	27.7
3:52:27 PM	27.7
3:52:28 PM	27.7
3:52:29 PM	27.7
3:52:30 PM	27.7
3:52:31 PM	27.7
3:52:32 PM	27.7
3:52:33 PM	27.7
3:52:34 PM	27.7
3:52:35 PM	27.6
3:52:36 PM	27.7
3:52:37 PM	27.7
3:52:38 PM	27.6
3:52:39 PM	27.6
3:52:40 PM	27.6
3:52:41 PM	27.6
3:52:42 PM	27.6
3:52:43 PM	27.6
3:52:44 PM	27.6
3:52:45 PM	27.6
3:52:46 PM	27.6
3:52:47 PM	27.6
3:52:48 PM	27.6
3:52:49 PM	27.6
3:52:50 PM	27.6
3:52:51 PM	27.6
3:52:52 PM	27.5
3:52:53 PM	27.5
3:52:54 PM	27.5
3:52:55 PM	27.5
3:52:56 PM	27.5
3:52:57 PM	27.5
3:52:58 PM	27.5
3:52:59 PM	27.5
3:53:00 PM	27.5
3:53:01 PM	27.5
3:53:02 PM	27.5
3:53:04 PM	27.5
3:53:05 PM	27.5
3:53:06 PM	27.4
3:53:07 PM	27.4
3:53:08 PM	27.4
3:53:09 PM	27.4
3:53:10 PM	27.4
3:53:11 PM	27.4
3:53:12 PM	27.4
3:53:13 PM	27.4
3:53:14 PM	27.4
3:53:15 PM	27.4
3:53:16 PM	27.4
3:53:17 PM	27.4
3:53:18 PM	27.4
3:53:19 PM	27.4
3:53:20 PM	27.3
3:53:21 PM	27.3
3:53:22 PM	27.3
3:53:23 PM	27.3
3:53:24 PM	27.3
3:53:25 PM	27.3
3:53:26 PM	27.3
3:53:27 PM	27.3
3:53:28 PM	27.3
3:53:29 PM	27.3
3:53:30 PM	27.3
3:53:31 PM	27.3
3:53:32 PM	27.3
3:53:33 PM	27.3
3:53:34 PM	27.3
3:53:35 PM	27.2
3:53:36 PM	27.2
3:53:37 PM	27.2
3:53:38 PM	27.2
3:53:39 PM	27.2
3:53:40 PM	27.2
3:53:41 PM	27.2
3:53:42 PM	27.2
3:53:43 PM	27.2
3:53:44 PM	27.2
3:53:45 PM	27.2
3:53:46 PM	27.2
3:53:47 PM	27.2
3:53:48 PM	27.1
3:53:49 PM	27.1
3:53:50 PM	27.1
3:53:51 PM	27.1
3:53:52 PM	27.1
3:53:53 PM	27.1
3:53:54 PM	27.1
3:53:55 PM	27.1
3:53:56 PM	27.1
3:53:57 PM	27.1
3:53:58 PM	27.1
3:53:59 PM	27.1
3:54:00 PM	27.1
3:54:01 PM	27.1
3:54:02 PM	27.1
3:54:03 PM	27.1
3:54:04 PM	27.0
3:54:05 PM	27.0
3:54:06 PM	27.0
3:54:07 PM	27.0
3:54:08 PM	27.0
3:54:09 PM	27.0
3:54:10 PM	27.0
3:54:11 PM	27.0
3:54:12 PM	27.0
3:54:13 PM	27.0
3:54:14 PM	27.0
3:54:16 PM	27.0
3:54:17 PM	27.0
3:54:18 PM	27.0
3:54:19 PM	27.0
3:54:20 PM	26.9
3:54:21 PM	26.9
3:54:22 PM	26.9
3:54:23 PM	26.9
3:54:24 PM	26.9
3:54:25 PM	26.9
3:54:26 PM	26.9
3:54:27 PM	26.9
3:54:28 PM	26.9
3:54:29 PM	26.9
3:54:30 PM	26.9
3:54:31 PM	26.9
3:54:32 PM	26.9
3:54:33 PM	26.9
3:54:34 PM	26.8
3:54:35 PM	26.8
3:54:36 PM	26.8
3:54:37 PM	26.8
3:54:38 PM	26.8
3:54:39 PM	26.8
3:54:40 PM	26.8
3:54:41 PM	26.8
3:54:42 PM	26.8
3:54:43 PM	26.8
3:54:44 PM	26.8
3:54:45 PM	26.8
3:54:46 PM	26.8
3:54:47 PM	26.8
3:54:48 PM	26.8
3:54:49 PM	26.8
3:54:50 PM	26.7
3:54:51 PM	26.7
3:54:52 PM	26.7
3:54:53 PM	26.7
3:54:54 PM	26.7
3:54:55 PM	26.7
3:54:56 PM	26.7
3:54:57 PM	26.7
3:54:58 PM	26.7
3:54:59 PM	26.7
3:55:00 PM	26.7
3:55:01 PM	26.7
3:55:02 PM	26.7
3:55:03 PM	26.7
3:55:04 PM	26.7
3:55:05 PM	26.6
3:55:06 PM	26.6
3:55:07 PM	26.6
3:55:08 PM	26.6
3:55:09 PM	26.6
3:55:10 PM	26.6
3:55:11 PM	26.6
3:55:12 PM	26.6
3:55:13 PM	26.6
3:55:14 PM	26.6
3:55:15 PM	26.6
3:55:16 PM	26.6
3:55:17 PM	26.6
3:55:18 PM	26.6
3:55:19 PM	26.6
3:55:20 PM	26.6
3:55:21 PM	26.5
3:55:22 PM	26.5
3:55:23 PM	26.5
3:55:24 PM	26.5
3:55:25 PM	26.5
3:55:26 PM	26.5
3:55:27 PM	26.5
3:55:29 PM	26.5
3:55:30 PM	26.5
3:55:31 PM	26.5
3:55:32 PM	26.5
3:55:33 PM	26.5
3:55:34 PM	26.5
3:55:35 PM	26.5
3:55:36 PM	26.5
3:55:37 PM	26.4
3:55:38 PM	26.4
3:55:39 PM	26.4
3:55:40 PM	26.4
3:55:41 PM	26.4
3:55:42 PM	26.4
3:55:43 PM	26.4
3:55:44 PM	26.4
3:55:45 PM	26.4
3:55:46 PM	26.4
3:55:47 PM	26.4
3:55:48 PM	26.4
3:55:49 PM	26.4
3:55:50 PM	26.4
3:55:51 PM	26.4
3:55:52 PM	26.4
3:55:53 PM	26.4
3:55:54 PM	26.4
3:55:55 PM	26.3
3:55:56 PM	26.3
3:55:57 PM	26.3
3:55:58 PM	26.3
3:55:59 PM	26.3
3:56:00 PM	26.3
3:56:01 PM	26.3
3:56:02 PM	26.3
3:56:03 PM	26.3
3:56:04 PM	26.3
3:56:05 PM	26.3
3:56:06 PM	26.3
3:56:07 PM	26.3
3:56:08 PM	26.3
3:56:09 PM	26.3
3:56:10 PM	26.3
3:56:11 PM	26.2
3:56:12 PM	26.2
3:56:13 PM	26.2
3:56:14 PM	26.2
3:56:15 PM	26.2
3:56:16 PM	26.2
3:56:17 PM	26.2
3:56:18 PM	26.2
3:56:19 PM	26.2
3:56:20 PM	26.1
3:56:21 PM	26.2
3:56:22 PM	26.2
3:56:23 PM	26.2
3:56:24 PM	26.2
3:56:25 PM	26.2
3:56:26 PM	26.2
3:56:27 PM	26.1
3:56:28 PM	26.1
3:56:29 PM	26.1
3:56:30 PM	26.1
3:56:31 PM	26.1
3:56:32 PM	26.1
3:56:33 PM	26.1
3:56:34 PM	26.1
3:56:35 PM	26.1
3:56:36 PM	26.1
3:56:37 PM	26.1
3:56:38 PM	26.1
3:56:39 PM	26.1
3:56:41 PM	26.1
3:56:42 PM	26.1
3:56:43 PM	26.1
3:56:44 PM	26.1
3:56:45 PM	26.0
3:56:46 PM	26.0
3:56:47 PM	26.0
3:56:48 PM	26.0
3:56:49 PM	26.0
3:56:50 PM	26.0
3:56:51 PM	26.0
3:56:52 PM	26.0
3:56:53 PM	25.9
3:56:54 PM	26.0
3:56:55 PM	26.0
3:56:56 PM	25.9
3:56:57 PM	26.0
3:56:58 PM	26.0
3:56:59 PM	26.0
3:57:00 PM	26.0
3:57:01 PM	26.0
3:57:02 PM	26.0
3:57:03 PM	25.9
3:57:04 PM	25.9
3:57:05 PM	25.9
3:57:06 PM	25.9
3:57:07 PM	25.9
3:57:08 PM	25.9
3:57:09 PM	25.9
3:57:10 PM	25.9
3:57:11 PM	25.9
3:57:12 PM	25.9
3:57:13 PM	25.9
3:57:14 PM	25.9
3:57:15 PM	25.9
3:57:16 PM	25.9
3:57:17 PM	25.9
3:57:18 PM	25.9
3:57:19 PM	25.9
3:57:20 PM	25.8
3:57:21 PM	25.8
3:57:22 PM	25.8
3:57:23 PM	25.8
3:57:24 PM	25.8
3:57:25 PM	25.8
3:57:26 PM	25.8
3:57:27 PM	25.8
3:57:28 PM	25.8
3:57:29 PM	25.8
3:57:30 PM	25.8
3:57:31 PM	25.8
3:57:32 PM	25.8
3:57:33 PM	25.8
3:57:34 PM	25.8
3:57:35 PM	25.8
3:57:36 PM	25.8
3:57:37 PM	25.8
3:57:38 PM	25.7
3:57:39 PM	25.7
3:57:40 PM	25.7
3:57:41 PM	25.7
3:57:42 PM	25.7
3:57:43 PM	25.7
3:57:44 PM	25.7
3:57:45 PM	25.7
3:57:46 PM	25.7
3:57:47 PM	25.7
3:57:48 PM	25.7
3:57:49 PM	25.7
3:57:50 PM	25.7
3:57:51 PM	25.7
3:57:53 PM	25.7
3:57:54 PM	25.6
3:57:55 PM	25.7
3:57:56 PM	25.6
3:57:57 PM	25.6
3:57:58 PM	25.6
3:57:59 PM	25.6
3:58:00 PM	25.6
3:58:01 PM	25.6
3:58:02 PM	25.6
3:58:03 PM	25.6
3:58:04 PM	25.6
3:58:05 PM	25.6
3:58:06 PM	25.6
3:58:07 PM	25.6
3:58:08 PM	25.6
3:58:09 PM	25.6
3:58:10 PM	25.6
3:58:11 PM	25.6
3:58:12 PM	25.6
3:58:13 PM	25.6
3:58:14 PM	25.6
3:58:15 PM	25.6
3:58:16 PM	25.5
3:58:17 PM	25.5
3:58:18 PM	25.5
3:58:19 PM	25.5
3:58:20 PM	25.5
3:58:21 PM	25.5
3:58:22 PM	25.5
3:58:23 PM	25.5
3:58:24 PM	25.5
3:58:25 PM	25.5
3:58:26 PM	25.5
3:58:27 PM	25.5
3:58:28 PM	25.5
3:58:29 PM	25.5
3:58:30 PM	25.5
3:58:31 PM	25.5
3:58:32 PM	25.5
3:58:33 PM	25.5
3:58:34 PM	25.4
3:58:35 PM	25.4
3:58:36 PM	25.4
3:58:37 PM	25.4
3:58:38 PM	25.4
3:58:39 PM	25.4
3:58:40 PM	25.4
3:58:41 PM	25.4
3:58:42 PM	25.4
3:58:43 PM	25.4
3:58:44 PM	25.4
3:58:45 PM	25.4
3:58:46 PM	25.4
3:58:47 PM	25.4
3:58:48 PM	25.4
3:58:49 PM	25.4
3:58:50 PM	25.4
3:58:51 PM	25.4
3:58:52 PM	25.4
3:58:53 PM	25.3
3:58:54 PM	25.3
3:58:55 PM	25.3
3:58:56 PM	25.3
3:58:57 PM	25.3
3:58:58 PM	25.3
3:58:59 PM	25.3
3:59:00 PM	25.3
3:59:01 PM	25.3
3:59:02 PM	25.3
3:59:03 PM	25.3
3:59:05 PM	25.3
3:59:06 PM	25.3
3:59:07 PM	25.3
3:59:08 PM	25.3
3:59:09 PM	25.3
3:59:10 PM	25.3
3:59:11 PM	25.3
3:59:12 PM	25.3
3:59:13 PM	25.3
3:59:14 PM	25.2
3:59:15 PM	25.2
3:59:16 PM	25.2
3:59:17 PM	25.2
3:59:18 PM	25.2
3:59:19 PM	25.2
3:59:20 PM	25.2
3:59:21 PM	25.2
3:59:22 PM	25.2
3:59:23 PM	25.2
3:59:24 PM	25.2
3:59:25 PM	25.2
3:59:26 PM	25.2
3:59:27 PM	25.2
3:59:28 PM	25.2
3:59:29 PM	25.2
3:59:30 PM	25.2
3:59:31 PM	25.2
3:59:32 PM	25.2
3:59:33 PM	25.1
3:59:34 PM	25.1
3:59:35 PM	25.1
3:59:36 PM	25.1
3:59:37 PM	25.1
3:59:38 PM	25.1
3:59:39 PM	25.1
3:59:40 PM	25.1
3:59:41 PM	25.1
3:59:42 PM	25.1
3:59:43 PM	25.1
3:59:44 PM	25.1
3:59:45 PM	25.1
3:59:46 PM	25.1
3:59:47 PM	25.1
3:59:48 PM	25.1
3:59:49 PM	25.1
3:59:50 PM	25.1
3:59:51 PM	25.1
3:59:52 PM	25.0
3:59:53 PM	25.0
3:59:54 PM	25.0
3:59:55 PM	25.0
3:59:56 PM	25.0
3:59:57 PM	25.0
3:59:58 PM	25.0
3:59:59 PM	25.0
4:00:00 PM	25.0
4:00:01 PM	25.0
4:00:02 PM	25.0
4:00:03 PM	25.0
4:00:04 PM	25.0
4:00:05 PM	25.0
4:00:06 PM	25.0
4:00:07 PM	25.0
4:00:08 PM	25.0
4:00:09 PM	24.9
4:00:10 PM	25.0
4:00:11 PM	25.0
4:00:12 PM	25.0
4:00:13 PM	24.9
4:00:14 PM	24.9
4:00:15 PM	24.9
4:00:17 PM	24.9
4:00:18 PM	24.9
4:00:19 PM	24.9
4:00:20 PM	24.9
4:00:21 PM	24.9
4:00:22 PM	24.9
4:00:23 PM	24.9
4:00:24 PM	24.9
4:00:25 PM	24.9
4:00:26 PM	24.9
4:00:27 PM	24.9
4:00:28 PM	24.8
4:00:29 PM	24.9
4:00:30 PM	24.9
4:00:31 PM	24.9
4:00:32 PM	24.9
4:00:33 PM	24.9
4:00:34 PM	24.8
4:00:35 PM	24.8
4:00:36 PM	24.8
4:00:37 PM	24.8
4:00:38 PM	24.8
4:00:39 PM	24.8
4:00:40 PM	24.8
4:00:41 PM	24.8
4:00:42 PM	24.8
4:00:43 PM	24.7
4:00:44 PM	24.8
4:00:45 PM	24.8
4:00:46 PM	24.7
4:00:47 PM	24.7
4:00:48 PM	24.7
4:00:49 PM	24.8
4:00:50 PM	24.7
4:00:51 PM	24.8
4:00:52 PM	24.7
4:00:53 PM	24.7
4:00:54 PM	24.7
4:00:55 PM	24.8
4:00:56 PM	24.7
4:00:57 PM	24.7
4:00:58 PM	24.7
4:00:59 PM	24.7
4:01:00 PM	24.7
4:01:01 PM	24.7
4:01:02 PM	24.7
4:01:03 PM	24.7
4:01:04 PM	24.6
4:01:05 PM	24.6
4:01:06 PM	24.6
4:01:07 PM	24.6
4:01:08 PM	24.7
4:01:09 PM	24.6
4:01:10 PM	24.6
4:01:11 PM	24.6
4:01:12 PM	24.6
4:01:13 PM	24.6
4:01:14 PM	24.6
4:01:15 PM	24.6
4:01:16 PM	24.6
4:01:17 PM	24.6
4:01:18 PM	24.6
4:01:19 PM	24.6
4:01:20 PM	24.6
4:01:21 PM	24.6
4:01:22 PM	24.6
4:01:23 PM	24.6
4:01:24 PM	24.6
4:01:25 PM	24.5
4:01:26 PM	24.5
4:01:27 PM	24.5
4:01:29 PM	24.5
4:01:30 PM	24.5
4:01:31 PM	24.5
4:01:32 PM	24.5
4:01:33 PM	24.6
4:01:34 PM	24.6
4:01:35 PM	24.5
4:01:36 PM	24.5
4:01:37 PM	24.6
4:01:38 PM	24.5
4:01:39 PM	24.5
4:01:40 PM	24.5
4:01:41 PM	24.5
4:01:42 PM	24.5
4:01:43 PM	24.5
4:01:44 PM	24.5
4:01:45 PM	24.5
4:01:46 PM	24.5
4:01:47 PM	24.5
4:01:48 PM	24.4
4:01:49 PM	24.4
4:01:50 PM	24.4
4:01:51 PM	24.4
4:01:52 PM	24.4
4:01:53 PM	24.4
4:01:54 PM	24.4
4:01:55 PM	24.4
4:01:56 PM	24.4
4:01:57 PM	24.4
4:01:58 PM	24.4
4:01:59 PM	24.4
4:02:00 PM	24.4
4:02:01 PM	24.4
4:02:02 PM	24.4
4:02:03 PM	24.4
4:02:04 PM	24.4
4:02:05 PM	24.4
4:02:06 PM	24.4
4:02:07 PM	24.4
4:02:08 PM	24.4
4:02:09 PM	24.4
4:02:10 PM	24.3
4:02:11 PM	24.3
4:02:12 PM	24.3
4:02:13 PM	24.3
4:02:14 PM	24.3
4:02:15 PM	24.3
4:02:16 PM	24.3
4:02:17 PM	24.3
4:02:18 PM	24.3
4:02:19 PM	24.3
4:02:20 PM	24.3
4:02:21 PM	24.3
4:02:22 PM	24.3
4:02:23 PM	24.3
4:02:24 PM	24.3
4:02:25 PM	24.3
4:02:26 PM	24.3
4:02:27 PM	24.3
4:02:28 PM	24.3
4:02:29 PM	24.3
4:02:30 PM	24.3
4:02:31 PM	24.3
4:02:32 PM	24.3
4:02:33 PM	24.3
4:02:34 PM	24.3
4:02:35 PM	24.2
4:02:36 PM	24.2
4:02:37 PM	24.2
4:02:38 PM	24.2
4:02:39 PM	24.2
4:02:40 PM	24.2
4:02:42 PM	24.2
4:02:43 PM	24.2
4:02:44 PM	24.2
4:02:45 PM	24.2
4:02:46 PM	24.2
4:02:47 PM	24.2
4:02:48 PM	24.2
4:02:49 PM	24.2
4:02:50 PM	24.2
4:02:51 PM	24.2
4:02:52 PM	24.2
4:02:53 PM	24.2
4:02:54 PM	24.2
4:02:55 PM	24.2
4:02:56 PM	24.2
4:02:57 PM	24.2
4:02:58 PM	24.2
4:02:59 PM	24.1
4:03:00 PM	24.2
4:03:01 PM	24.1
4:03:02 PM	24.1
4:03:03 PM	24.1
4:03:04 PM	24.1
4:03:05 PM	24.1
4:03:06 PM	24.1
4:03:07 PM	24.1
4:03:08 PM	24.1
4:03:09 PM	24.1
4:03:10 PM	24.1
4:03:11 PM	24.0
4:03:12 PM	24.0
4:03:13 PM	24.0
4:03:14 PM	24.0
4:03:15 PM	24.0
4:03:16 PM	24.0
4:03:17 PM	24.0
4:03:18 PM	24.0
4:03:19 PM	24.0
4:03:20 PM	24.0
4:03:21 PM	24.0
4:03:22 PM	24.0
4:03:23 PM	24.0
4:03:24 PM	24.0
4:03:25 PM	24.0
4:03:26 PM	24.0
4:03:27 PM	24.0
4:03:28 PM	24.0
4:03:29 PM	24.0
4:03:30 PM	24.0
4:03:31 PM	24.0
4:03:32 PM	24.0
4:03:33 PM	24.0
4:03:34 PM	24.0
4:03:35 PM	24.0
4:03:36 PM	24.0
4:03:37 PM	23.9
4:03:38 PM	23.9
4:03:39 PM	23.9
4:03:40 PM	23.9
4:03:41 PM	23.9
4:03:42 PM	23.9
4:03:43 PM	23.9
4:03:44 PM	23.9
4:03:45 PM	23.9
4:03:46 PM	23.9
4:03:47 PM	23.9
4:03:48 PM	23.9
4:03:49 PM	23.9
4:03:50 PM	23.9
4:03:51 PM	23.9
4:03:52 PM	23.9
4:03:54 PM	23.9
4:03:55 PM	23.9
4:03:56 PM	23.9
4:03:57 PM	23.9
4:03:58 PM	23.9
4:03:59 PM	23.9
4:04:00 PM	23.9
4:04:01 PM	23.9
4:04:02 PM	23.9
4:04:03 PM	23.9
4:04:04 PM	23.9
4:04:05 PM	23.9
4:04:06 PM	23.9
4:04:07 PM	23.8
4:04:08 PM	23.8
4:04:09 PM	23.8
4:04:10 PM	23.8
4:04:11 PM	23.8
4:04:12 PM	23.8
4:04:13 PM	23.8
4:04:14 PM	23.8
4:04:15 PM	23.8
4:04:16 PM	23.8
4:04:17 PM	23.8
4:04:18 PM	23.8
4:04:19 PM	23.8
4:04:20 PM	23.7
4:04:21 PM	23.8
4:04:22 PM	23.7
4:04:23 PM	23.7
4:04:24 PM	23.7
4:04:25 PM	23.7
4:04:26 PM	23.7
4:04:27 PM	23.7
4:04:28 PM	23.7
4:04:29 PM	23.7
4:04:30 PM	23.7
4:04:31 PM	23.7
4:04:32 PM	23.7
4:04:33 PM	23.7
4:04:34 PM	23.7
4:04:35 PM	23.7
4:04:36 PM	23.7
4:04:37 PM	23.7
4:04:38 PM	23.7
4:04:39 PM	23.7
4:04:40 PM	23.7
4:04:41 PM	23.7
4:04:42 PM	23.7
4:04:43 PM	23.7
4:04:44 PM	23.7
4:04:45 PM	23.7
4:04:46 PM	23.7
4:04:47 PM	23.6
4:04:48 PM	23.6
4:04:49 PM	23.6
4:04:50 PM	23.6
4:04:51 PM	23.6
4:04:52 PM	23.6
4:04:53 PM	23.6
4:04:54 PM	23.6
4:04:55 PM	23.6
4:04:56 PM	23.6
4:04:57 PM	23.6
4:04:58 PM	23.6
4:04:59 PM	23.6
4:05:00 PM	23.6
4:05:01 PM	23.6
4:05:02 PM	23.6
4:05:03 PM	23.6
4:05:04 PM	23.6
4:05:06 PM	23.6
4:05:07 PM	23.6
4:05:08 PM	23.6
4:05:09 PM	23.6
4:05:10 PM	23.6
4:05:11 PM	23.6
4:05:12 PM	23.6
4:05:13 PM	23.6
4:05:14 PM	23.6
4:05:15 PM	23.6
4:05:16 PM	23.6
4:05:17 PM	23.5
4:05:18 PM	23.5
4:05:19 PM	23.5
4:05:20 PM	23.5
4:05:21 PM	23.5
4:05:22 PM	23.5
4:05:23 PM	23.5
4:05:24 PM	23.5
4:05:25 PM	23.5
4:05:26 PM	23.5
4:05:27 PM	23.5
4:05:28 PM	23.5
4:05:29 PM	23.4
4:05:30 PM	23.5
4:05:31 PM	23.4
4:05:32 PM	23.4
4:05:33 PM	23.5
4:05:34 PM	23.4
4:05:35 PM	23.4
4:05:36 PM	23.4
4:05:37 PM	23.5
4:05:38 PM	23.5
4:05:39 PM	23.5
4:05:40 PM	23.5
4:05:41 PM	23.4
4:05:42 PM	23.5
4:05:43 PM	23.5
4:05:44 PM	23.5
4:05:45 PM	23.5
4:05:46 PM	23.4
4:05:47 PM	23.4
4:05:48 PM	23.4
4:05:49 PM	23.4
4:05:50 PM	23.4
4:05:51 PM	23.4
4:05:52 PM	23.4
4:05:53 PM	23.4
4:05:54 PM	23.4
4:05:55 PM	23.4
4:05:56 PM	23.4
4:05:57 PM	23.4
4:05:58 PM	23.3
4:05:59 PM	23.3
4:06:00 PM	23.3
4:06:01 PM	23.3
4:06:02 PM	23.3
4:06:03 PM	23.3
4:06:04 PM	23.3
4:06:05 PM	23.3
4:06:06 PM	23.3
4:06:07 PM	23.3
4:06:08 PM	23.3
4:06:09 PM	23.3
4:06:10 PM	23.3
4:06:11 PM	23.3
4:06:12 PM	23.3
4:06:13 PM	23.3
4:06:14 PM	23.3
4:06:15 PM	23.3
4:06:16 PM	23.3
4:06:18 PM	23.3
4:06:19 PM	23.3
4:06:20 PM	23.3
4:06:21 PM	23.3
4:06:22 PM	23.3
4:06:23 PM	23.3
4:06:24 PM	23.3
4:06:25 PM	23.3
4:06:26 PM	23.3
4:06:27 PM	23.3
4:06:28 PM	23.2
4:06:29 PM	23.3
4:06:30 PM	23.2
4:06:31 PM	23.2
4:06:32 PM	23.2
4:06:33 PM	23.2
4:06:34 PM	23.2
4:06:35 PM	23.2
4:06:36 PM	23.2
4:06:37 PM	23.2
4:06:38 PM	23.2
4:06:39 PM	23.2
4:06:40 PM	23.2
4:06:41 PM	23.2
4:06:42 PM	23.2
4:06:43 PM	23.2
4:06:44 PM	23.2
4:06:45 PM	23.2
4:06:46 PM	23.2
4:06:47 PM	23.2
4:06:48 PM	23.2
4:06:49 PM	23.2
4:06:50 PM	23.2
4:06:51 PM	23.2
4:06:52 PM	23.2
4:06:53 PM	23.2
4:06:54 PM	23.2
4:06:55 PM	23.2
4:06:56 PM	23.2
4:06:57 PM	23.1
4:06:58 PM	23.1
4:06:59 PM	23.1
4:07:00 PM	23.1
4:07:01 PM	23.1
4:07:02 PM	23.1
4:07:03 PM	23.1
4:07:04 PM	23.1
4:07:05 PM	23.1
4:07:06 PM	23.1
4:07:07 PM	23.1
4:07:08 PM	23.1
4:07:09 PM	23.1
4:07:10 PM	23.1
4:07:11 PM	23.0
4:07:12 PM	23.1
4:07:13 PM	23.0
4:07:14 PM	23.0
4:07:15 PM	23.0
4:07:16 PM	23.0