Start Time:	10/24/2014 4:12:15 PM
Units:	Deg C
Thermocouple:	J
Device:	019811EA
Logging Interval:	1 second(s)
Description:	1000_REF1 on heating mantle, started from room temp ~17.5C at 4:11 PM


Time	Temp
4:12:15 PM	27.1
4:12:16 PM	27.1
4:12:17 PM	27.2
4:12:19 PM	27.3
4:12:20 PM	27.4
4:12:21 PM	27.4
4:12:22 PM	27.5
4:12:23 PM	27.6
4:12:24 PM	27.6
4:12:25 PM	27.7
4:12:26 PM	27.8
4:12:27 PM	27.8
4:12:28 PM	27.9
4:12:29 PM	27.9
4:12:30 PM	28.0
4:12:31 PM	28.1
4:12:32 PM	28.2
4:12:33 PM	28.2
4:12:34 PM	28.3
4:12:35 PM	28.3
4:12:36 PM	28.4
4:12:37 PM	28.5
4:12:38 PM	28.5
4:12:39 PM	28.6
4:12:40 PM	28.6
4:12:41 PM	28.7
4:12:42 PM	28.8
4:12:43 PM	28.8
4:12:44 PM	28.9
4:12:45 PM	29.0
4:12:46 PM	29.0
4:12:47 PM	29.1
4:12:48 PM	29.1
4:12:49 PM	29.2
4:12:50 PM	29.3
4:12:51 PM	29.3
4:12:52 PM	29.4
4:12:53 PM	29.4
4:12:54 PM	29.5
4:12:55 PM	29.6
4:12:56 PM	29.6
4:12:57 PM	29.7
4:12:58 PM	29.7
4:12:59 PM	29.8
4:13:00 PM	29.9
4:13:01 PM	29.8
4:13:02 PM	30.0
4:13:03 PM	30.0
4:13:04 PM	30.1
4:13:05 PM	30.1
4:13:06 PM	30.2
4:13:07 PM	30.2
4:13:08 PM	30.3
4:13:09 PM	30.4
4:13:10 PM	30.4
4:13:11 PM	30.5
4:13:12 PM	30.5
4:13:13 PM	30.5
4:13:14 PM	30.6
4:13:15 PM	30.7
4:13:16 PM	30.7
4:13:17 PM	30.8
4:13:18 PM	30.9
4:13:19 PM	30.9
4:13:20 PM	31.0
4:13:21 PM	31.0
4:13:22 PM	31.1
4:13:23 PM	31.1
4:13:24 PM	31.2
4:13:25 PM	31.2
4:13:26 PM	31.3
4:13:27 PM	31.3
4:13:28 PM	31.4
4:13:29 PM	31.4
4:13:31 PM	31.5
4:13:32 PM	31.5
4:13:33 PM	31.6
4:13:34 PM	31.6
4:13:35 PM	31.7
4:13:36 PM	31.8
4:13:37 PM	31.8
4:13:38 PM	31.8
4:13:39 PM	31.9
4:13:40 PM	31.9
4:13:41 PM	32.0
4:13:42 PM	32.0
4:13:43 PM	32.1
4:13:44 PM	32.1
4:13:45 PM	32.2
4:13:46 PM	32.2
4:13:47 PM	32.3
4:13:48 PM	32.3
4:13:49 PM	32.4
4:13:50 PM	32.4
4:13:51 PM	32.5
4:13:52 PM	32.5
4:13:53 PM	32.6
4:13:54 PM	32.6
4:13:55 PM	32.7
4:13:56 PM	32.7
4:13:57 PM	32.8
4:13:58 PM	32.8
4:13:59 PM	32.9
4:14:00 PM	32.9
4:14:01 PM	33.0
4:14:02 PM	33.0
4:14:03 PM	33.1
4:14:04 PM	33.1
4:14:05 PM	33.1
4:14:06 PM	33.2
4:14:07 PM	33.2
4:14:08 PM	33.3
4:14:09 PM	33.3
4:14:10 PM	33.4
4:14:11 PM	33.4
4:14:12 PM	33.5
4:14:13 PM	33.5
4:14:14 PM	33.6
4:14:15 PM	33.6
4:14:16 PM	33.7
4:14:17 PM	33.6
4:14:18 PM	33.7
4:14:19 PM	33.8
4:14:20 PM	33.8
4:14:21 PM	33.9
4:14:22 PM	33.9
4:14:23 PM	34.0
4:14:24 PM	34.0
4:14:25 PM	34.1
4:14:26 PM	34.1
4:14:27 PM	34.1
4:14:28 PM	34.1
4:14:29 PM	34.2
4:14:30 PM	34.3
4:14:31 PM	34.3
4:14:32 PM	34.3
4:14:33 PM	34.3
4:14:34 PM	34.4
4:14:35 PM	34.5
4:14:36 PM	34.5
4:14:37 PM	34.5
4:14:38 PM	34.5
4:14:39 PM	34.7
4:14:40 PM	34.7
4:14:41 PM	34.7
4:14:43 PM	34.7
4:14:44 PM	34.8
4:14:45 PM	34.8
4:14:46 PM	34.8
4:14:47 PM	34.9
4:14:48 PM	34.9
4:14:49 PM	35.0
4:14:50 PM	35.0
4:14:51 PM	35.0
4:14:52 PM	35.1
4:14:53 PM	35.1
4:14:54 PM	35.2
4:14:55 PM	35.3
4:14:56 PM	35.2
4:14:57 PM	35.3
4:14:58 PM	35.3
4:14:59 PM	35.4
4:15:00 PM	35.4
4:15:01 PM	35.4
4:15:02 PM	35.5
4:15:03 PM	35.5
4:15:04 PM	35.6
4:15:05 PM	35.7
4:15:06 PM	35.6
4:15:07 PM	35.7
4:15:08 PM	35.8
4:15:09 PM	35.8
4:15:10 PM	35.8
4:15:11 PM	35.8
4:15:12 PM	35.9
4:15:13 PM	35.9
4:15:14 PM	35.9
4:15:15 PM	36.0
4:15:16 PM	36.0
4:15:17 PM	36.1
4:15:18 PM	36.1
4:15:19 PM	36.1
4:15:20 PM	36.2
4:15:21 PM	36.2
4:15:22 PM	36.3
4:15:23 PM	36.3
4:15:24 PM	36.3
4:15:25 PM	36.4
4:15:26 PM	36.4
4:15:27 PM	36.4
4:15:28 PM	36.5
4:15:29 PM	36.5
4:15:30 PM	36.5
4:15:31 PM	36.6
4:15:32 PM	36.6
4:15:33 PM	36.7
4:15:34 PM	36.7
4:15:35 PM	36.7
4:15:36 PM	36.8
4:15:37 PM	36.8
4:15:38 PM	36.8
4:15:39 PM	36.9
4:15:40 PM	36.9
4:15:41 PM	36.9
4:15:42 PM	37.0
4:15:43 PM	37.0
4:15:44 PM	37.1
4:15:45 PM	37.1
4:15:46 PM	37.1
4:15:47 PM	37.2
4:15:48 PM	37.2
4:15:49 PM	37.2
4:15:50 PM	37.3
4:15:51 PM	37.3
4:15:52 PM	37.3
4:15:53 PM	37.4
4:15:54 PM	37.4
4:15:56 PM	37.4
4:15:57 PM	37.5
4:15:58 PM	37.5
4:15:59 PM	37.5
4:16:00 PM	37.6
4:16:01 PM	37.6
4:16:02 PM	37.6
4:16:03 PM	37.7
4:16:04 PM	37.7
4:16:05 PM	37.7
4:16:06 PM	37.8
4:16:07 PM	37.8
4:16:08 PM	37.8
4:16:09 PM	37.9
4:16:10 PM	37.9
4:16:11 PM	37.9
4:16:12 PM	38.0
4:16:13 PM	38.1
4:16:14 PM	38.0
4:16:15 PM	38.1
4:16:16 PM	38.1
4:16:17 PM	38.1
4:16:18 PM	38.2
4:16:19 PM	38.2
4:16:20 PM	38.2
4:16:21 PM	38.3
4:16:22 PM	38.4
4:16:23 PM	38.3
4:16:24 PM	38.4
4:16:25 PM	38.4
4:16:26 PM	38.4
4:16:27 PM	38.5
4:16:28 PM	38.5
4:16:29 PM	38.5
4:16:30 PM	38.6
4:16:31 PM	38.6
4:16:32 PM	38.6
4:16:33 PM	38.7
4:16:34 PM	38.7
4:16:35 PM	38.7
4:16:36 PM	38.7
4:16:37 PM	38.8
4:16:38 PM	38.8
4:16:39 PM	38.8
4:16:40 PM	38.9
4:16:41 PM	38.9
4:16:42 PM	38.9
4:16:43 PM	39.0
4:16:44 PM	39.0
4:16:45 PM	39.0
4:16:46 PM	39.0
4:16:47 PM	39.1
4:16:48 PM	39.1
4:16:49 PM	39.1
4:16:50 PM	39.2
4:16:51 PM	39.2
4:16:52 PM	39.2
4:16:53 PM	39.3
4:16:54 PM	39.3
4:16:55 PM	39.3
4:16:56 PM	39.4
4:16:57 PM	39.4
4:16:58 PM	39.4
4:16:59 PM	39.4
4:17:00 PM	39.5
4:17:01 PM	39.5
4:17:02 PM	39.5
4:17:03 PM	39.6
4:17:04 PM	39.6
4:17:05 PM	39.7
4:17:06 PM	39.7
4:17:08 PM	39.7
4:17:09 PM	39.7
4:17:10 PM	39.8
4:17:11 PM	39.8
4:17:12 PM	39.8
4:17:13 PM	39.8
4:17:14 PM	39.9
4:17:15 PM	39.9
4:17:16 PM	39.9
4:17:17 PM	40.0
4:17:18 PM	40.0
4:17:19 PM	40.0
4:17:20 PM	40.0
4:17:21 PM	40.1
4:17:22 PM	40.1
4:17:23 PM	40.1
4:17:24 PM	40.2
4:17:25 PM	40.2
4:17:26 PM	40.2
4:17:27 PM	40.2
4:17:28 PM	40.3
4:17:29 PM	40.3
4:17:30 PM	40.3
4:17:31 PM	40.4
4:17:32 PM	40.4
4:17:33 PM	40.4
4:17:34 PM	40.4
4:17:35 PM	40.5
4:17:36 PM	40.5
4:17:37 PM	40.5
4:17:38 PM	40.6
4:17:39 PM	40.6
4:17:40 PM	40.6
4:17:41 PM	40.6
4:17:42 PM	40.7
4:17:43 PM	40.7
4:17:44 PM	40.7
4:17:45 PM	40.7
4:17:46 PM	40.8
4:17:47 PM	40.8
4:17:48 PM	40.8
4:17:49 PM	40.9
4:17:50 PM	40.9
4:17:51 PM	40.9
4:17:52 PM	40.9
4:17:53 PM	41.0
4:17:54 PM	41.0
4:17:55 PM	41.0
4:17:56 PM	41.1
4:17:57 PM	41.1
4:17:58 PM	41.1
4:17:59 PM	41.1
4:18:00 PM	41.2
4:18:01 PM	41.2
4:18:02 PM	41.2
4:18:03 PM	41.2
4:18:04 PM	41.3
4:18:05 PM	41.3
4:18:06 PM	41.3
4:18:07 PM	41.3
4:18:08 PM	41.4
4:18:09 PM	41.4
4:18:10 PM	41.4
4:18:11 PM	41.5
4:18:12 PM	41.5
4:18:13 PM	41.5
4:18:14 PM	41.5
4:18:15 PM	41.6
4:18:16 PM	41.6
4:18:17 PM	41.6
4:18:18 PM	41.6
4:18:20 PM	41.7
4:18:21 PM	41.7
4:18:22 PM	41.7
4:18:23 PM	41.7
4:18:24 PM	41.8
4:18:25 PM	41.8
4:18:26 PM	41.8
4:18:27 PM	41.9
4:18:28 PM	41.9
4:18:29 PM	42.0
4:18:30 PM	41.9
4:18:31 PM	42.0
4:18:32 PM	42.0
4:18:33 PM	42.0
4:18:34 PM	42.0
4:18:35 PM	42.1
4:18:36 PM	42.1
4:18:37 PM	42.1
4:18:38 PM	42.2
4:18:39 PM	42.2
4:18:40 PM	42.2
4:18:41 PM	42.2
4:18:42 PM	42.2
4:18:43 PM	42.3
4:18:44 PM	42.3
4:18:45 PM	42.3
4:18:46 PM	42.3
4:18:47 PM	42.4
4:18:48 PM	42.4
4:18:49 PM	42.4
4:18:50 PM	42.4
4:18:51 PM	42.5
4:18:52 PM	42.5
4:18:53 PM	42.5
4:18:54 PM	42.6
4:18:55 PM	42.6
4:18:56 PM	42.6
4:18:57 PM	42.6
4:18:58 PM	42.6
4:18:59 PM	42.7
4:19:00 PM	42.7
4:19:01 PM	42.7
4:19:02 PM	42.7
4:19:03 PM	42.8
4:19:04 PM	42.8
4:19:05 PM	42.8
4:19:06 PM	42.8
4:19:07 PM	42.9
4:19:08 PM	42.9
4:19:09 PM	42.9
4:19:10 PM	42.9
4:19:11 PM	43.0
4:19:12 PM	43.0
4:19:13 PM	43.0
4:19:14 PM	43.0
4:19:15 PM	43.1
4:19:16 PM	43.1
4:19:17 PM	43.1
4:19:18 PM	43.1
4:19:19 PM	43.2
4:19:20 PM	43.2
4:19:21 PM	43.2
4:19:22 PM	43.2
4:19:23 PM	43.3
4:19:24 PM	43.3
4:19:25 PM	43.3
4:19:26 PM	43.3
4:19:27 PM	43.4
4:19:28 PM	43.4
4:19:29 PM	43.4
4:19:30 PM	43.4
4:19:32 PM	43.5
4:19:33 PM	43.5
4:19:34 PM	43.5
4:19:35 PM	43.5
4:19:36 PM	43.6
4:19:37 PM	43.6
4:19:38 PM	43.6
4:19:39 PM	43.6
4:19:40 PM	43.7
4:19:41 PM	43.7
4:19:42 PM	43.7
4:19:43 PM	43.7
4:19:44 PM	43.7
4:19:45 PM	43.8
4:19:46 PM	43.8
4:19:47 PM	43.8
4:19:48 PM	43.8
4:19:49 PM	43.9
4:19:50 PM	43.9
4:19:51 PM	43.9
4:19:52 PM	43.9
4:19:53 PM	44.0
4:19:54 PM	44.0
4:19:55 PM	44.0
4:19:56 PM	44.0
4:19:57 PM	44.0
4:19:58 PM	44.1
4:19:59 PM	44.1
4:20:00 PM	44.1
4:20:01 PM	44.1
4:20:02 PM	44.2
4:20:03 PM	44.2
4:20:04 PM	44.2
4:20:05 PM	44.2
4:20:06 PM	44.3
4:20:07 PM	44.3
4:20:08 PM	44.3
4:20:09 PM	44.3
4:20:10 PM	44.4
4:20:11 PM	44.4
4:20:12 PM	44.4
4:20:13 PM	44.4
4:20:14 PM	44.4
4:20:15 PM	44.5
4:20:16 PM	44.5
4:20:17 PM	44.5
4:20:18 PM	44.5
4:20:19 PM	44.6
4:20:20 PM	44.6
4:20:21 PM	44.6
4:20:22 PM	44.6
4:20:23 PM	44.7
4:20:24 PM	44.7
4:20:25 PM	44.7
4:20:26 PM	44.7
4:20:27 PM	44.7
4:20:28 PM	44.8
4:20:29 PM	44.7
4:20:30 PM	44.8
4:20:31 PM	44.8
4:20:32 PM	44.9
4:20:33 PM	44.9
4:20:34 PM	44.9
4:20:35 PM	44.9
4:20:36 PM	45.0
4:20:37 PM	45.0
4:20:38 PM	44.9
4:20:39 PM	45.0
4:20:40 PM	45.0
4:20:41 PM	45.1
4:20:42 PM	45.0
4:20:44 PM	45.0
4:20:45 PM	45.1
4:20:46 PM	45.2
4:20:47 PM	45.2
4:20:48 PM	45.1
4:20:49 PM	45.2
4:20:50 PM	45.2
4:20:51 PM	45.3
4:20:52 PM	45.3
4:20:53 PM	45.2
4:20:54 PM	45.3
4:20:55 PM	45.3
4:20:56 PM	45.3
4:20:57 PM	45.4
4:20:58 PM	45.4
4:20:59 PM	45.4
4:21:00 PM	45.5
4:21:01 PM	45.4
4:21:02 PM	45.5
4:21:03 PM	45.5
4:21:04 PM	45.5
4:21:05 PM	45.5
4:21:06 PM	45.6
4:21:07 PM	45.6
4:21:08 PM	45.6
4:21:09 PM	45.7
4:21:10 PM	45.7
4:21:11 PM	45.7
4:21:12 PM	45.7
4:21:13 PM	45.7
4:21:14 PM	45.8
4:21:15 PM	45.8
4:21:16 PM	45.8
4:21:17 PM	45.8
4:21:18 PM	45.8
4:21:19 PM	45.8
4:21:20 PM	45.9
4:21:21 PM	45.9
4:21:22 PM	45.9
4:21:23 PM	45.9
4:21:24 PM	46.0
4:21:25 PM	46.0
4:21:26 PM	46.0
4:21:27 PM	46.0
4:21:28 PM	46.1
4:21:29 PM	46.1
4:21:30 PM	46.1
4:21:31 PM	46.1
4:21:32 PM	46.1
4:21:33 PM	46.2
4:21:34 PM	46.2
4:21:35 PM	46.2
4:21:36 PM	46.2
4:21:37 PM	46.2
4:21:38 PM	46.3
4:21:39 PM	46.3
4:21:40 PM	46.3
4:21:41 PM	46.3
4:21:42 PM	46.3
4:21:43 PM	46.4
4:21:44 PM	46.4
4:21:45 PM	46.4
4:21:46 PM	46.4
4:21:47 PM	46.4
4:21:48 PM	46.5
4:21:49 PM	46.5
4:21:50 PM	46.5
4:21:51 PM	46.5
4:21:52 PM	46.5
4:21:53 PM	46.6
4:21:54 PM	46.6
4:21:56 PM	46.6
4:21:57 PM	46.6
4:21:58 PM	46.6
4:21:59 PM	46.7
4:22:00 PM	46.7
4:22:01 PM	46.7
4:22:02 PM	46.7
4:22:03 PM	46.8
4:22:04 PM	46.8
4:22:05 PM	46.8
4:22:06 PM	46.8
4:22:07 PM	46.8
4:22:08 PM	46.8
4:22:09 PM	46.9
4:22:10 PM	46.9
4:22:11 PM	46.9
4:22:12 PM	46.9
4:22:13 PM	47.0
4:22:14 PM	47.0
4:22:15 PM	47.0
4:22:16 PM	47.0
4:22:17 PM	47.0
4:22:18 PM	47.1
4:22:19 PM	47.1
4:22:20 PM	47.1
4:22:21 PM	47.1
4:22:22 PM	47.1
4:22:23 PM	47.1
4:22:24 PM	47.2
4:22:25 PM	47.2
4:22:26 PM	47.2
4:22:27 PM	47.2
4:22:28 PM	47.3
4:22:29 PM	47.3
4:22:30 PM	47.3
4:22:31 PM	47.3
4:22:32 PM	47.3
4:22:33 PM	47.4
4:22:34 PM	47.4
4:22:35 PM	47.4
4:22:36 PM	47.4
4:22:37 PM	47.4
4:22:38 PM	47.5
4:22:39 PM	47.5
4:22:40 PM	47.5
4:22:41 PM	47.5
4:22:42 PM	47.5
4:22:43 PM	47.6
4:22:44 PM	47.6
4:22:45 PM	47.6
4:22:46 PM	47.6
4:22:47 PM	47.6
4:22:48 PM	47.6
4:22:49 PM	47.7
4:22:50 PM	47.7
4:22:51 PM	47.7
4:22:52 PM	47.7
4:22:53 PM	47.7
4:22:54 PM	47.8
4:22:55 PM	47.8
4:22:56 PM	47.8
4:22:57 PM	47.8
4:22:58 PM	47.8
4:22:59 PM	47.9
4:23:00 PM	47.9
4:23:01 PM	47.9
4:23:02 PM	47.9
4:23:03 PM	47.9
4:23:04 PM	48.0
4:23:05 PM	48.0
4:23:06 PM	48.0
4:23:08 PM	48.0
4:23:09 PM	48.0
4:23:10 PM	48.1
4:23:11 PM	48.1
4:23:12 PM	48.1
4:23:13 PM	48.1
4:23:14 PM	48.1
4:23:15 PM	48.2
4:23:16 PM	48.2
4:23:17 PM	48.2
4:23:18 PM	48.2
4:23:19 PM	48.2
4:23:20 PM	48.3
4:23:21 PM	48.3
4:23:22 PM	48.3
4:23:23 PM	48.3
4:23:24 PM	48.3
4:23:25 PM	48.3
4:23:26 PM	48.4
4:23:27 PM	48.4
4:23:28 PM	48.4
4:23:29 PM	48.4
4:23:30 PM	48.4
4:23:31 PM	48.5
4:23:32 PM	48.5
4:23:33 PM	48.5
4:23:34 PM	48.5
4:23:35 PM	48.5
4:23:36 PM	48.6
4:23:37 PM	48.6
4:23:38 PM	48.6
4:23:39 PM	48.6
4:23:40 PM	48.6
4:23:41 PM	48.7
4:23:42 PM	48.7
4:23:43 PM	48.7
4:23:44 PM	48.7
4:23:45 PM	48.7
4:23:46 PM	48.7
4:23:47 PM	48.8
4:23:48 PM	48.8
4:23:49 PM	48.8
4:23:50 PM	48.8
4:23:51 PM	48.8
4:23:52 PM	48.9
4:23:53 PM	48.9
4:23:54 PM	48.9
4:23:55 PM	48.9
4:23:56 PM	48.9
4:23:57 PM	49.0
4:23:58 PM	49.0
4:23:59 PM	49.0
4:24:00 PM	49.0
4:24:01 PM	49.0
4:24:02 PM	49.0
4:24:03 PM	49.1
4:24:04 PM	49.1
4:24:05 PM	49.1
4:24:06 PM	49.2
4:24:07 PM	49.1
4:24:08 PM	49.2
4:24:09 PM	49.2
4:24:10 PM	49.2
4:24:11 PM	49.2
4:24:12 PM	49.2
4:24:13 PM	49.3
4:24:14 PM	49.3
4:24:15 PM	49.4
4:24:16 PM	49.3
4:24:17 PM	49.3
4:24:18 PM	49.3
4:24:19 PM	49.4
4:24:21 PM	49.4
4:24:22 PM	49.4
4:24:23 PM	49.5
4:24:24 PM	49.5
4:24:25 PM	49.5
4:24:26 PM	49.5
4:24:27 PM	49.5
4:24:28 PM	49.6
4:24:29 PM	49.6
4:24:30 PM	49.5
4:24:31 PM	49.6
4:24:32 PM	49.6
4:24:33 PM	49.6
4:24:34 PM	49.6
4:24:35 PM	49.6
4:24:36 PM	49.7
4:24:37 PM	49.7
4:24:38 PM	49.7
4:24:39 PM	49.8
4:24:40 PM	49.8
4:24:41 PM	49.8
4:24:42 PM	49.8
4:24:43 PM	49.8
4:24:44 PM	49.9
4:24:45 PM	49.9
4:24:46 PM	49.9
4:24:47 PM	49.9
4:24:48 PM	49.9
4:24:49 PM	49.9
4:24:50 PM	50.0
4:24:51 PM	50.0
4:24:52 PM	50.0
4:24:53 PM	50.0
4:24:54 PM	50.0
4:24:55 PM	50.0
4:24:56 PM	50.1
4:24:57 PM	50.1
4:24:58 PM	50.1
4:24:59 PM	50.1
4:25:00 PM	50.1
4:25:01 PM	50.2
4:25:02 PM	50.2
4:25:03 PM	50.2
4:25:04 PM	50.2
4:25:05 PM	50.2
4:25:06 PM	50.2
4:25:07 PM	50.3
4:25:08 PM	50.3
4:25:09 PM	50.3
4:25:10 PM	50.3
4:25:11 PM	50.3
4:25:12 PM	50.3
4:25:13 PM	50.4
4:25:14 PM	50.4
4:25:15 PM	50.4
4:25:16 PM	50.4
4:25:17 PM	50.4
4:25:18 PM	50.5
4:25:19 PM	50.5
4:25:20 PM	50.5
4:25:21 PM	50.5
4:25:22 PM	50.5
4:25:23 PM	50.5
4:25:24 PM	50.6
4:25:25 PM	50.6
4:25:26 PM	50.6
4:25:27 PM	50.6
4:25:28 PM	50.6
4:25:29 PM	50.6
4:25:30 PM	50.7
4:25:31 PM	50.7
4:25:33 PM	50.7
4:25:34 PM	50.7
4:25:35 PM	50.7
4:25:36 PM	50.7
4:25:37 PM	50.8
4:25:38 PM	50.8
4:25:39 PM	50.8
4:25:40 PM	50.8
4:25:41 PM	50.8
4:25:42 PM	50.9
4:25:43 PM	50.9
4:25:44 PM	50.9
4:25:45 PM	50.9
4:25:46 PM	50.9
4:25:47 PM	50.9
4:25:48 PM	51.0
4:25:49 PM	51.0
4:25:50 PM	51.0
4:25:51 PM	51.0
4:25:52 PM	51.0
4:25:53 PM	51.0
4:25:54 PM	51.1
4:25:55 PM	51.1
4:25:56 PM	51.1
4:25:57 PM	51.1
4:25:58 PM	51.1
4:25:59 PM	51.1
4:26:00 PM	51.2
4:26:01 PM	51.2
4:26:02 PM	51.2
4:26:03 PM	51.2
4:26:04 PM	51.2
4:26:05 PM	51.2
4:26:06 PM	51.3
4:26:07 PM	51.3
4:26:08 PM	51.3
4:26:09 PM	51.3
4:26:10 PM	51.3
4:26:11 PM	51.3
4:26:12 PM	51.4
4:26:13 PM	51.4
4:26:14 PM	51.4
4:26:15 PM	51.4
4:26:16 PM	51.4
4:26:17 PM	51.4
4:26:18 PM	51.5
4:26:19 PM	51.5
4:26:20 PM	51.5
4:26:21 PM	51.5
4:26:22 PM	51.5
4:26:23 PM	51.5
4:26:24 PM	51.6
4:26:25 PM	51.6
4:26:26 PM	51.6
4:26:27 PM	51.6
4:26:28 PM	51.6
4:26:29 PM	51.6
4:26:30 PM	51.7
4:26:31 PM	51.7
4:26:32 PM	51.7
4:26:33 PM	51.7
4:26:34 PM	51.7
4:26:35 PM	51.8
4:26:36 PM	51.8
4:26:37 PM	51.8
4:26:38 PM	51.8
4:26:39 PM	51.8
4:26:40 PM	51.8
4:26:41 PM	51.9
4:26:42 PM	51.9
4:26:43 PM	51.9
4:26:45 PM	51.9
4:26:46 PM	51.9
4:26:47 PM	51.9
4:26:48 PM	52.0
4:26:49 PM	52.0
4:26:50 PM	52.0
4:26:51 PM	52.0
4:26:52 PM	52.0
4:26:53 PM	52.0
4:26:54 PM	52.1
4:26:55 PM	52.1
4:26:56 PM	52.1
4:26:57 PM	52.1
4:26:58 PM	52.1
4:26:59 PM	52.1
4:27:00 PM	52.2
4:27:01 PM	52.2
4:27:02 PM	52.2
4:27:03 PM	52.2
4:27:04 PM	52.2
4:27:05 PM	52.2
4:27:06 PM	52.3
4:27:07 PM	52.3
4:27:08 PM	52.3
4:27:09 PM	52.3
4:27:10 PM	52.3
4:27:11 PM	52.3
4:27:12 PM	52.4
4:27:13 PM	52.4
4:27:14 PM	52.4
4:27:15 PM	52.4
4:27:16 PM	52.4
4:27:17 PM	52.4
4:27:18 PM	52.5
4:27:19 PM	52.5
4:27:20 PM	52.5
4:27:21 PM	52.5
4:27:22 PM	52.5
4:27:23 PM	52.5
4:27:24 PM	52.6
4:27:25 PM	52.6
4:27:26 PM	52.6
4:27:27 PM	52.6
4:27:28 PM	52.6
4:27:29 PM	52.6
4:27:30 PM	52.7
4:27:31 PM	52.7
4:27:32 PM	52.7
4:27:33 PM	52.7
4:27:34 PM	52.7
4:27:35 PM	52.8
4:27:36 PM	52.8
4:27:37 PM	52.8
4:27:38 PM	52.8
4:27:39 PM	52.8
4:27:40 PM	52.8
4:27:41 PM	52.8
4:27:42 PM	52.9
4:27:43 PM	52.9
4:27:44 PM	52.9
4:27:45 PM	52.9
4:27:46 PM	52.9
4:27:47 PM	53.0
4:27:48 PM	53.0
4:27:49 PM	53.0
4:27:50 PM	53.0
4:27:51 PM	53.0
4:27:52 PM	53.0
4:27:53 PM	53.1
4:27:54 PM	53.1
4:27:55 PM	53.1
4:27:57 PM	53.1
4:27:58 PM	53.1
4:27:59 PM	53.1
4:28:00 PM	53.2
4:28:01 PM	53.2
4:28:02 PM	53.2
4:28:03 PM	53.2
4:28:04 PM	53.2
4:28:05 PM	53.2
4:28:06 PM	53.3
4:28:07 PM	53.3
4:28:08 PM	53.3
4:28:09 PM	53.3
4:28:10 PM	53.3
4:28:11 PM	53.3
4:28:12 PM	53.4
4:28:13 PM	53.4
4:28:14 PM	53.4
4:28:15 PM	53.4
4:28:16 PM	53.4
4:28:17 PM	53.4
4:28:18 PM	53.5
4:28:19 PM	53.5
4:28:20 PM	53.5
4:28:21 PM	53.5
4:28:22 PM	53.5
4:28:23 PM	53.5
4:28:24 PM	53.6
4:28:25 PM	53.6
4:28:26 PM	53.6
4:28:27 PM	53.6
4:28:28 PM	53.6
4:28:29 PM	53.6
4:28:30 PM	53.7
4:28:31 PM	53.7
4:28:32 PM	53.7
4:28:33 PM	53.7
4:28:34 PM	53.7
4:28:35 PM	53.7
4:28:36 PM	53.8
4:28:37 PM	53.8
4:28:38 PM	53.8
4:28:39 PM	53.8
4:28:40 PM	53.8
4:28:41 PM	53.8
4:28:42 PM	53.9
4:28:43 PM	53.9
4:28:44 PM	53.9
4:28:45 PM	53.9
4:28:46 PM	53.9
4:28:47 PM	53.9
4:28:48 PM	53.9
4:28:49 PM	54.0
4:28:50 PM	53.9
4:28:51 PM	54.0
4:28:52 PM	54.0
4:28:53 PM	54.0
4:28:54 PM	54.0
4:28:55 PM	54.1
4:28:56 PM	54.0
4:28:57 PM	54.1
4:28:58 PM	54.1
4:28:59 PM	54.1
4:29:00 PM	54.2
4:29:01 PM	54.1
4:29:02 PM	54.1
4:29:03 PM	54.2
4:29:04 PM	54.2
4:29:05 PM	54.2
4:29:06 PM	54.2
4:29:07 PM	54.2
4:29:09 PM	54.2
4:29:10 PM	54.2
4:29:11 PM	54.3
4:29:12 PM	54.3
4:29:13 PM	54.3
4:29:14 PM	54.3
4:29:15 PM	54.3
4:29:16 PM	54.3
4:29:17 PM	54.4
4:29:18 PM	54.4
4:29:19 PM	54.4
4:29:20 PM	54.4
4:29:21 PM	54.4
4:29:22 PM	54.4
4:29:23 PM	54.4
4:29:24 PM	54.5
4:29:25 PM	54.5
4:29:26 PM	54.5
4:29:27 PM	54.5
4:29:28 PM	54.5
4:29:29 PM	54.5
4:29:30 PM	54.6
4:29:31 PM	54.6
4:29:32 PM	54.6
4:29:33 PM	54.6
4:29:34 PM	54.6
4:29:35 PM	54.6
4:29:36 PM	54.7
4:29:37 PM	54.7
4:29:38 PM	54.7
4:29:39 PM	54.7
4:29:40 PM	54.7
4:29:41 PM	54.7
4:29:42 PM	54.8
4:29:43 PM	54.8
4:29:44 PM	54.8
4:29:45 PM	54.8
4:29:46 PM	54.8
4:29:47 PM	54.8
4:29:48 PM	54.9
4:29:49 PM	54.9
4:29:50 PM	54.9
4:29:51 PM	54.9
4:29:52 PM	54.9
4:29:53 PM	54.9
4:29:54 PM	54.9
4:29:55 PM	55.0
4:29:56 PM	55.0
4:29:57 PM	55.0
4:29:58 PM	55.0
4:29:59 PM	55.0
4:30:00 PM	55.0
4:30:01 PM	55.1
4:30:02 PM	55.1
4:30:03 PM	55.1
4:30:04 PM	55.1
4:30:05 PM	55.1
4:30:06 PM	55.1
4:30:07 PM	55.2
4:30:08 PM	55.2
4:30:09 PM	55.2
4:30:10 PM	55.2
4:30:11 PM	55.2
4:30:12 PM	55.2
4:30:13 PM	55.2
4:30:14 PM	55.3
4:30:15 PM	55.3
4:30:16 PM	55.3
4:30:17 PM	55.3
4:30:18 PM	55.3
4:30:19 PM	55.3
4:30:20 PM	55.4
4:30:22 PM	55.4
4:30:23 PM	55.4
4:30:24 PM	55.4
4:30:25 PM	55.4
4:30:26 PM	55.4
4:30:27 PM	55.5
4:30:28 PM	55.5
4:30:29 PM	55.5
4:30:30 PM	55.5
4:30:31 PM	55.5
4:30:32 PM	55.5
4:30:33 PM	55.5
4:30:34 PM	55.6
4:30:35 PM	55.6
4:30:36 PM	55.6
4:30:37 PM	55.6
4:30:38 PM	55.6
4:30:39 PM	55.6
4:30:40 PM	55.6
4:30:41 PM	55.7
4:30:42 PM	55.7
4:30:43 PM	55.7
4:30:44 PM	55.7
4:30:45 PM	55.7
4:30:46 PM	55.7
4:30:47 PM	55.8
4:30:48 PM	55.8
4:30:49 PM	55.8
4:30:50 PM	55.8
4:30:51 PM	55.8
4:30:52 PM	55.8
4:30:53 PM	55.8
4:30:54 PM	55.9
4:30:55 PM	55.9
4:30:56 PM	55.9
4:30:57 PM	55.9
4:30:58 PM	55.9
4:30:59 PM	55.9
4:31:00 PM	56.0
4:31:01 PM	56.0
4:31:02 PM	56.0
4:31:03 PM	56.0
4:31:04 PM	56.0
4:31:05 PM	56.0
4:31:06 PM	56.0
4:31:07 PM	56.1
4:31:08 PM	56.1
4:31:09 PM	56.1
4:31:10 PM	56.1
4:31:11 PM	56.1
4:31:12 PM	56.1
4:31:13 PM	56.2
4:31:14 PM	56.2
4:31:15 PM	56.2
4:31:16 PM	56.2
4:31:17 PM	56.2
4:31:18 PM	56.2
4:31:19 PM	56.2
4:31:20 PM	56.2
4:31:21 PM	56.3
4:31:22 PM	56.3
4:31:23 PM	56.3
4:31:24 PM	56.3
4:31:25 PM	56.3
4:31:26 PM	56.3
4:31:27 PM	56.4
4:31:28 PM	56.4
4:31:29 PM	56.4
4:31:30 PM	56.4
4:31:31 PM	56.4
4:31:32 PM	56.4
4:31:34 PM	56.5
4:31:35 PM	56.5
4:31:36 PM	56.5
4:31:37 PM	56.5
4:31:38 PM	56.5
4:31:39 PM	56.5
4:31:40 PM	56.5
4:31:41 PM	56.6
4:31:42 PM	56.6
4:31:43 PM	56.6
4:31:44 PM	56.6
4:31:45 PM	56.6
4:31:46 PM	56.6
4:31:47 PM	56.6
4:31:48 PM	56.7
4:31:49 PM	56.7
4:31:50 PM	56.7
4:31:51 PM	56.7
4:31:52 PM	56.7
4:31:53 PM	56.7
4:31:54 PM	56.8
4:31:55 PM	56.8
4:31:56 PM	56.7
4:31:57 PM	56.8
4:31:58 PM	56.8
4:31:59 PM	56.8
4:32:00 PM	56.8
4:32:01 PM	56.8
4:32:02 PM	56.9
4:32:03 PM	56.9
4:32:04 PM	56.9
4:32:05 PM	56.9
4:32:06 PM	56.9
4:32:07 PM	56.9
4:32:08 PM	57.0
4:32:09 PM	57.0
4:32:10 PM	57.0
4:32:11 PM	57.0
4:32:12 PM	57.0
4:32:13 PM	57.0
4:32:14 PM	57.0
4:32:15 PM	57.1
4:32:16 PM	57.1
4:32:17 PM	57.1
4:32:18 PM	57.1
4:32:19 PM	57.1
4:32:20 PM	57.1
4:32:21 PM	57.1
4:32:22 PM	57.2
4:32:23 PM	57.2
4:32:24 PM	57.2
4:32:25 PM	57.2
4:32:26 PM	57.2
4:32:27 PM	57.2
4:32:28 PM	57.2
4:32:29 PM	57.3
4:32:30 PM	57.3
4:32:31 PM	57.3
4:32:32 PM	57.3
4:32:33 PM	57.3
4:32:34 PM	57.3
4:32:35 PM	57.3
4:32:36 PM	57.4
4:32:37 PM	57.4
4:32:38 PM	57.4
4:32:39 PM	57.4
4:32:40 PM	57.4
4:32:41 PM	57.4
4:32:42 PM	57.4
4:32:43 PM	57.5
4:32:44 PM	57.5
4:32:46 PM	57.5
4:32:47 PM	57.5
4:32:48 PM	57.5
4:32:49 PM	57.5
4:32:50 PM	57.5
4:32:51 PM	57.6
4:32:52 PM	57.6
4:32:53 PM	57.6
4:32:54 PM	57.6
4:32:55 PM	57.6
4:32:56 PM	57.6
4:32:57 PM	57.7
4:32:58 PM	57.7
4:32:59 PM	57.7
4:33:00 PM	57.7
4:33:01 PM	57.7
4:33:02 PM	57.7
4:33:03 PM	57.7
4:33:04 PM	57.8
4:33:05 PM	57.8
4:33:06 PM	57.8
4:33:07 PM	57.7
4:33:08 PM	57.8
4:33:09 PM	57.8
4:33:10 PM	57.8
4:33:11 PM	57.9
4:33:12 PM	57.9
4:33:13 PM	57.9
4:33:14 PM	57.9
4:33:15 PM	57.9
4:33:16 PM	57.9
4:33:17 PM	57.9
4:33:18 PM	58.0
4:33:19 PM	58.0
4:33:20 PM	58.0
4:33:21 PM	58.0
4:33:22 PM	58.0
4:33:23 PM	58.0
4:33:24 PM	58.0
4:33:25 PM	58.1
4:33:26 PM	58.1
4:33:27 PM	58.1
4:33:28 PM	58.1
4:33:29 PM	58.1
4:33:30 PM	58.1
4:33:31 PM	58.1
4:33:32 PM	58.2
4:33:33 PM	58.2
4:33:34 PM	58.2
4:33:35 PM	58.2
4:33:36 PM	58.2
4:33:37 PM	58.2
4:33:38 PM	58.2
4:33:39 PM	58.2
4:33:40 PM	58.3
4:33:41 PM	58.3
4:33:42 PM	58.3
4:33:43 PM	58.3
4:33:44 PM	58.3
4:33:45 PM	58.3
4:33:46 PM	58.3
4:33:47 PM	58.4
4:33:48 PM	58.4
4:33:49 PM	58.4
4:33:50 PM	58.4
4:33:51 PM	58.4
4:33:52 PM	58.4
4:33:53 PM	58.4
4:33:54 PM	58.4
4:33:55 PM	58.5
4:33:56 PM	58.5
4:33:58 PM	58.5
4:33:59 PM	58.5
4:34:00 PM	58.5
4:34:01 PM	58.5
4:34:02 PM	58.6
4:34:03 PM	58.6
4:34:04 PM	58.6
4:34:05 PM	58.6
4:34:06 PM	58.6
4:34:07 PM	58.6
4:34:08 PM	58.6
4:34:09 PM	58.7
4:34:10 PM	58.7
4:34:11 PM	58.7
4:34:12 PM	58.7
4:34:13 PM	58.7
4:34:14 PM	58.7
4:34:15 PM	58.7
4:34:16 PM	58.7
4:34:17 PM	58.8
4:34:18 PM	58.8
4:34:19 PM	58.8
4:34:20 PM	58.8
4:34:21 PM	58.8
4:34:22 PM	58.8
4:34:23 PM	58.8
4:34:24 PM	58.9
4:34:25 PM	58.9
4:34:26 PM	58.9
4:34:27 PM	58.9
4:34:28 PM	58.9
4:34:29 PM	58.9
4:34:30 PM	58.9
4:34:31 PM	59.0
4:34:32 PM	59.0
4:34:33 PM	59.0
4:34:34 PM	59.0
4:34:35 PM	59.0
4:34:36 PM	59.0
4:34:37 PM	59.0
4:34:38 PM	59.1
4:34:39 PM	59.1
4:34:40 PM	59.1
4:34:41 PM	59.1
4:34:42 PM	59.1
4:34:43 PM	59.1
4:34:44 PM	59.1
4:34:45 PM	59.2
4:34:46 PM	59.2
4:34:47 PM	59.2
4:34:48 PM	59.2
4:34:49 PM	59.2
4:34:50 PM	59.2
4:34:51 PM	59.2
4:34:52 PM	59.3
4:34:53 PM	59.3
4:34:54 PM	59.3
4:34:55 PM	59.3
4:34:56 PM	59.3
4:34:57 PM	59.3
4:34:58 PM	59.3
4:34:59 PM	59.3
4:35:00 PM	59.4
4:35:01 PM	59.3
4:35:02 PM	59.4
4:35:03 PM	59.4
4:35:04 PM	59.4
4:35:05 PM	59.4
4:35:06 PM	59.4
4:35:07 PM	59.5
4:35:08 PM	59.5
4:35:10 PM	59.5
4:35:11 PM	59.5
4:35:12 PM	59.5
4:35:13 PM	59.5
4:35:14 PM	59.5
4:35:15 PM	59.6
4:35:16 PM	59.6
4:35:17 PM	59.6
4:35:18 PM	59.6
4:35:19 PM	59.6
4:35:20 PM	59.6
4:35:21 PM	59.6
4:35:22 PM	59.6
4:35:23 PM	59.6
4:35:24 PM	59.7
4:35:25 PM	59.7
4:35:26 PM	59.6
4:35:27 PM	59.7
4:35:28 PM	59.7
4:35:29 PM	59.7
4:35:30 PM	59.8
4:35:31 PM	59.8
4:35:32 PM	59.8
4:35:33 PM	59.8
4:35:34 PM	59.8
4:35:35 PM	59.8
4:35:36 PM	59.8
4:35:37 PM	59.8
4:35:38 PM	59.9
4:35:39 PM	59.9
4:35:40 PM	59.9
4:35:41 PM	59.9
4:35:42 PM	59.9
4:35:43 PM	59.9
4:35:44 PM	59.9
4:35:45 PM	60.0
4:35:46 PM	60.0
4:35:47 PM	60.0
4:35:48 PM	59.9
4:35:49 PM	59.9
4:35:50 PM	60.0
4:35:51 PM	60.0
4:35:52 PM	60.0
4:35:53 PM	60.1
4:35:54 PM	60.1
4:35:55 PM	60.1
4:35:56 PM	60.0
4:35:57 PM	60.1
4:35:58 PM	60.1
4:35:59 PM	60.2
4:36:00 PM	60.1
4:36:01 PM	60.1
4:36:02 PM	60.1
4:36:03 PM	60.2
4:36:04 PM	60.2
4:36:05 PM	60.2
4:36:06 PM	60.2
4:36:07 PM	60.3
4:36:08 PM	60.2
4:36:09 PM	60.3
4:36:10 PM	60.3
4:36:11 PM	60.2
4:36:12 PM	60.3
4:36:13 PM	60.3
4:36:14 PM	60.3
4:36:15 PM	60.3
4:36:16 PM	60.3
4:36:17 PM	60.3
4:36:18 PM	60.3
4:36:19 PM	60.4
4:36:20 PM	60.4
4:36:22 PM	60.4
4:36:23 PM	60.4
4:36:24 PM	60.4
4:36:25 PM	60.5
4:36:26 PM	60.4
4:36:27 PM	60.5
4:36:28 PM	60.5
4:36:29 PM	60.5
4:36:30 PM	60.5
4:36:31 PM	60.5
4:36:32 PM	60.6
4:36:33 PM	60.5
4:36:34 PM	60.5
4:36:35 PM	60.6
4:36:36 PM	60.6
4:36:37 PM	60.6
4:36:38 PM	60.6
4:36:39 PM	60.6
4:36:40 PM	60.6
4:36:41 PM	60.6
4:36:42 PM	60.6
4:36:43 PM	60.7
4:36:44 PM	60.7
4:36:45 PM	60.7
4:36:46 PM	60.7
4:36:47 PM	60.7
4:36:48 PM	60.7
4:36:49 PM	60.8
4:36:50 PM	60.7
4:36:51 PM	60.8
4:36:52 PM	60.8
4:36:53 PM	60.8
4:36:54 PM	60.8
4:36:55 PM	60.8
4:36:56 PM	60.9
4:36:57 PM	60.9
4:36:58 PM	60.8
4:36:59 PM	60.9
4:37:00 PM	60.9
4:37:01 PM	60.9
4:37:02 PM	60.9
4:37:03 PM	60.9
4:37:04 PM	60.9
4:37:05 PM	61.0
4:37:06 PM	60.9
4:37:07 PM	61.0
4:37:08 PM	61.0
4:37:09 PM	61.0
4:37:10 PM	61.0
4:37:11 PM	61.0
4:37:12 PM	61.0
4:37:13 PM	61.0
4:37:14 PM	61.1
4:37:15 PM	61.1
4:37:16 PM	61.1
4:37:17 PM	61.1
4:37:18 PM	61.2
4:37:19 PM	61.2
4:37:20 PM	61.2
4:37:21 PM	61.2
4:37:22 PM	61.2
4:37:23 PM	61.2
4:37:24 PM	61.2
4:37:25 PM	61.3
4:37:26 PM	61.2
4:37:27 PM	61.3
4:37:28 PM	61.3
4:37:29 PM	61.3
4:37:30 PM	61.3
4:37:31 PM	61.3
4:37:32 PM	61.4
4:37:33 PM	61.3
4:37:35 PM	61.3
4:37:36 PM	61.3
4:37:37 PM	61.4
4:37:38 PM	61.4
4:37:39 PM	61.4
4:37:40 PM	61.4
4:37:41 PM	61.5
4:37:42 PM	61.5
4:37:43 PM	61.5
4:37:44 PM	61.4
4:37:45 PM	61.4
4:37:46 PM	61.5
4:37:47 PM	61.5
4:37:48 PM	61.5
4:37:49 PM	61.6
4:37:50 PM	61.6
4:37:51 PM	61.6
4:37:52 PM	61.5
4:37:53 PM	61.5
4:37:54 PM	61.6
4:37:55 PM	61.6
4:37:56 PM	61.6
4:37:57 PM	61.6
4:37:58 PM	61.6
4:37:59 PM	61.6
4:38:00 PM	61.6
4:38:01 PM	61.6
4:38:02 PM	61.7
4:38:03 PM	61.7
4:38:04 PM	61.7
4:38:05 PM	61.8
4:38:06 PM	61.8
4:38:07 PM	61.7
4:38:08 PM	61.8
4:38:09 PM	61.8
4:38:10 PM	61.8
4:38:11 PM	61.8
4:38:12 PM	61.8
4:38:13 PM	61.9
4:38:14 PM	61.9
4:38:15 PM	61.9
4:38:16 PM	61.9
4:38:17 PM	61.9
4:38:18 PM	61.9
4:38:19 PM	61.9
4:38:20 PM	62.0
4:38:21 PM	62.0
4:38:22 PM	62.0
4:38:23 PM	62.0
4:38:24 PM	62.0
4:38:25 PM	62.0
4:38:26 PM	62.0
4:38:27 PM	62.0
4:38:28 PM	62.0
4:38:29 PM	62.1
4:38:30 PM	62.1
4:38:31 PM	62.1
4:38:32 PM	62.1
4:38:33 PM	62.1
4:38:34 PM	62.1
4:38:35 PM	62.1
4:38:36 PM	62.2
4:38:37 PM	62.2
4:38:38 PM	62.2
4:38:39 PM	62.1
4:38:40 PM	62.2
4:38:41 PM	62.2
4:38:42 PM	62.2
4:38:43 PM	62.2
4:38:44 PM	62.3
4:38:45 PM	62.3
4:38:47 PM	62.3
4:38:48 PM	62.2
4:38:49 PM	62.3
4:38:50 PM	62.3
4:38:51 PM	62.3
4:38:52 PM	62.3
4:38:53 PM	62.3
4:38:54 PM	62.4
4:38:55 PM	62.4
4:38:56 PM	62.4
4:38:57 PM	62.4
4:38:58 PM	62.4
4:38:59 PM	62.4
4:39:00 PM	62.4
4:39:01 PM	62.5
4:39:02 PM	62.5
4:39:03 PM	62.5
4:39:04 PM	62.5
4:39:05 PM	62.5
4:39:06 PM	62.5
4:39:07 PM	62.5
4:39:08 PM	62.5
4:39:09 PM	62.6
4:39:10 PM	62.6
4:39:11 PM	62.6
4:39:12 PM	62.6
4:39:13 PM	62.6
4:39:14 PM	62.6
4:39:15 PM	62.6
4:39:16 PM	62.6
4:39:17 PM	62.7
4:39:18 PM	62.7
4:39:19 PM	62.7
4:39:20 PM	62.6
4:39:21 PM	62.6
4:39:22 PM	62.7
4:39:23 PM	62.7
4:39:24 PM	62.7
4:39:25 PM	62.7
4:39:26 PM	62.7
4:39:27 PM	62.7
4:39:28 PM	62.7
4:39:29 PM	62.8
4:39:30 PM	62.8
4:39:31 PM	62.8
4:39:32 PM	62.8
4:39:33 PM	62.8
4:39:34 PM	62.9
4:39:35 PM	62.8
4:39:36 PM	62.8
4:39:37 PM	62.9
4:39:38 PM	62.9
4:39:39 PM	62.9
4:39:40 PM	62.9
4:39:41 PM	62.9
4:39:42 PM	62.9
4:39:43 PM	62.9
4:39:44 PM	62.9
4:39:45 PM	63.0
4:39:46 PM	63.0
4:39:47 PM	63.0
4:39:48 PM	63.0
4:39:49 PM	63.0
4:39:50 PM	63.0
4:39:51 PM	63.0
4:39:52 PM	63.0
4:39:53 PM	63.1
4:39:54 PM	63.1
4:39:55 PM	63.1
4:39:56 PM	63.1
4:39:57 PM	63.1
4:39:59 PM	63.1
4:40:00 PM	63.1
4:40:01 PM	63.1
4:40:02 PM	63.2
4:40:03 PM	63.2
4:40:04 PM	63.2
4:40:05 PM	63.2
4:40:06 PM	63.2
4:40:07 PM	63.2
4:40:08 PM	63.2
4:40:09 PM	63.2
4:40:10 PM	63.3
4:40:11 PM	63.3
4:40:12 PM	63.3
4:40:13 PM	63.3
4:40:14 PM	63.3
4:40:15 PM	63.3
4:40:16 PM	63.3
4:40:17 PM	63.3
4:40:18 PM	63.4
4:40:19 PM	63.4
4:40:20 PM	63.4
4:40:21 PM	63.4
4:40:22 PM	63.4
4:40:23 PM	63.4
4:40:24 PM	63.4
4:40:25 PM	63.4
4:40:26 PM	63.5
4:40:27 PM	63.5
4:40:28 PM	63.5
4:40:29 PM	63.5
4:40:30 PM	63.5
4:40:31 PM	63.5
4:40:32 PM	63.5
4:40:33 PM	63.5
4:40:34 PM	63.6
4:40:35 PM	63.6
4:40:36 PM	63.6
4:40:37 PM	63.6
4:40:38 PM	63.6
4:40:39 PM	63.6
4:40:40 PM	63.6
4:40:41 PM	63.6
4:40:42 PM	63.6
4:40:43 PM	63.7
4:40:44 PM	63.7
4:40:45 PM	63.7
4:40:46 PM	63.7
4:40:47 PM	63.7
4:40:48 PM	63.7
4:40:49 PM	63.7
4:40:50 PM	63.7
4:40:51 PM	63.8
4:40:52 PM	63.8
4:40:53 PM	63.8
4:40:54 PM	63.8
4:40:55 PM	63.8
4:40:56 PM	63.8
4:40:57 PM	63.8
4:40:58 PM	63.8
4:40:59 PM	63.9
4:41:00 PM	63.9
4:41:01 PM	63.9
4:41:02 PM	63.9
4:41:03 PM	63.9
4:41:04 PM	63.9
4:41:05 PM	63.9
4:41:06 PM	63.9
4:41:07 PM	63.9
4:41:08 PM	64.0
4:41:09 PM	64.0
4:41:11 PM	64.0
4:41:12 PM	64.0
4:41:13 PM	64.0
4:41:14 PM	64.0
4:41:15 PM	64.0
4:41:16 PM	64.0
4:41:17 PM	64.1
4:41:18 PM	64.1
4:41:19 PM	64.1
4:41:20 PM	64.1
4:41:21 PM	64.1
4:41:22 PM	64.1
4:41:23 PM	64.1
4:41:24 PM	64.1
4:41:25 PM	64.1
4:41:26 PM	64.2
4:41:27 PM	64.2
4:41:28 PM	64.2
4:41:29 PM	64.2
4:41:30 PM	64.2
4:41:31 PM	64.2
4:41:32 PM	64.2
4:41:33 PM	64.2
4:41:34 PM	64.3
4:41:35 PM	64.3
4:41:36 PM	64.3
4:41:37 PM	64.3
4:41:38 PM	64.3
4:41:39 PM	64.3
4:41:40 PM	64.3
4:41:41 PM	64.3
4:41:42 PM	64.3
4:41:43 PM	64.4
4:41:44 PM	64.4
4:41:45 PM	64.4
4:41:46 PM	64.4
4:41:47 PM	64.4
4:41:48 PM	64.4
4:41:49 PM	64.4
4:41:50 PM	64.4
4:41:51 PM	64.5
4:41:52 PM	64.5
4:41:53 PM	64.5
4:41:54 PM	64.5
4:41:55 PM	64.5
4:41:56 PM	64.5
4:41:57 PM	64.5
4:41:58 PM	64.5
4:41:59 PM	64.5
4:42:00 PM	64.6
4:42:01 PM	64.6
4:42:02 PM	64.6
4:42:03 PM	64.6
4:42:04 PM	64.6
4:42:05 PM	64.6
4:42:06 PM	64.6
4:42:07 PM	64.6
4:42:08 PM	64.7
4:42:09 PM	64.7
4:42:10 PM	64.7
4:42:11 PM	64.7
4:42:12 PM	64.7
4:42:13 PM	64.7
4:42:14 PM	64.7
4:42:15 PM	64.7
4:42:16 PM	64.7
4:42:17 PM	64.8
4:42:18 PM	64.8
4:42:19 PM	64.8
4:42:20 PM	64.8
4:42:21 PM	64.8
4:42:23 PM	64.8
4:42:24 PM	64.8
4:42:25 PM	64.8
4:42:26 PM	64.9
4:42:27 PM	64.9
4:42:28 PM	64.9
4:42:29 PM	64.9
4:42:30 PM	64.9
4:42:31 PM	64.9
4:42:32 PM	64.9
4:42:33 PM	64.9
4:42:34 PM	64.9
4:42:35 PM	65.0
4:42:36 PM	65.0
4:42:37 PM	65.0
4:42:38 PM	65.0
4:42:39 PM	65.0
4:42:40 PM	65.0
4:42:41 PM	65.0
4:42:42 PM	65.0
4:42:43 PM	65.0
4:42:44 PM	65.1
4:42:45 PM	65.1
4:42:46 PM	65.1
4:42:47 PM	65.1
4:42:48 PM	65.1
4:42:49 PM	65.1
4:42:50 PM	65.1
4:42:51 PM	65.1
4:42:52 PM	65.2
4:42:53 PM	65.2
4:42:54 PM	65.2
4:42:55 PM	65.2
4:42:56 PM	65.2
4:42:57 PM	65.2
4:42:58 PM	65.2
4:42:59 PM	65.2
4:43:00 PM	65.2
4:43:01 PM	65.3
4:43:02 PM	65.3
4:43:03 PM	65.3
4:43:04 PM	65.3
4:43:05 PM	65.3
4:43:06 PM	65.3
4:43:07 PM	65.3
4:43:08 PM	65.3
4:43:09 PM	65.3
4:43:10 PM	65.4
4:43:11 PM	65.4
4:43:12 PM	65.4
4:43:13 PM	65.4
4:43:14 PM	65.4
4:43:15 PM	65.4
4:43:16 PM	65.4
4:43:17 PM	65.4
4:43:18 PM	65.5
4:43:19 PM	65.5
4:43:20 PM	65.5
4:43:21 PM	65.5
4:43:22 PM	65.5
4:43:23 PM	65.5
4:43:24 PM	65.5
4:43:25 PM	65.5
4:43:26 PM	65.5
4:43:27 PM	65.6
4:43:28 PM	65.6
4:43:29 PM	65.6
4:43:30 PM	65.6
4:43:31 PM	65.6
4:43:32 PM	65.6
4:43:33 PM	65.6
4:43:34 PM	65.6
4:43:36 PM	65.6
4:43:37 PM	65.7
4:43:38 PM	65.7
4:43:39 PM	65.7
4:43:40 PM	65.7
4:43:41 PM	65.7
4:43:42 PM	65.7
4:43:43 PM	65.7
4:43:44 PM	65.7
4:43:45 PM	65.7
4:43:46 PM	65.7
4:43:47 PM	65.8
4:43:48 PM	65.8
4:43:49 PM	65.8
4:43:50 PM	65.8
4:43:51 PM	65.8
4:43:52 PM	65.8
4:43:53 PM	65.8
4:43:54 PM	65.8
4:43:55 PM	65.8
4:43:56 PM	65.9
4:43:57 PM	65.9
4:43:58 PM	65.9
4:43:59 PM	65.9
4:44:00 PM	65.9
4:44:01 PM	65.9
4:44:02 PM	65.9
4:44:03 PM	65.9
4:44:04 PM	65.9
4:44:05 PM	66.0
4:44:06 PM	66.0
4:44:07 PM	66.0
4:44:08 PM	66.0
4:44:09 PM	66.0
4:44:10 PM	66.0
4:44:11 PM	66.0
4:44:12 PM	66.0
4:44:13 PM	66.0
4:44:14 PM	66.0
4:44:15 PM	66.1
4:44:16 PM	66.1
4:44:17 PM	66.1
4:44:18 PM	66.1
4:44:19 PM	66.1
4:44:20 PM	66.1
4:44:21 PM	66.1
4:44:22 PM	66.1
4:44:23 PM	66.1
4:44:24 PM	66.2
4:44:25 PM	66.2
4:44:26 PM	66.2
4:44:27 PM	66.2
4:44:28 PM	66.2
4:44:29 PM	66.2
4:44:30 PM	66.2
4:44:31 PM	66.2
4:44:32 PM	66.3
4:44:33 PM	66.2
4:44:34 PM	66.3
4:44:35 PM	66.3
4:44:36 PM	66.3
4:44:37 PM	66.3
4:44:38 PM	66.3
4:44:39 PM	66.3
4:44:40 PM	66.3
4:44:41 PM	66.4
4:44:42 PM	66.3
4:44:43 PM	66.3
4:44:44 PM	66.4
4:44:45 PM	66.4
4:44:46 PM	66.4
4:44:48 PM	66.4
4:44:49 PM	66.4
4:44:50 PM	66.4
4:44:51 PM	66.4
4:44:52 PM	66.4
4:44:53 PM	66.4
4:44:54 PM	66.5
4:44:55 PM	66.5
4:44:56 PM	66.5
4:44:57 PM	66.5
4:44:58 PM	66.5
4:44:59 PM	66.6
4:45:00 PM	66.6
4:45:01 PM	66.6
4:45:02 PM	66.6
4:45:03 PM	66.6
4:45:04 PM	66.6
4:45:05 PM	66.6
4:45:06 PM	66.6
4:45:07 PM	66.6
4:45:08 PM	66.6
4:45:09 PM	66.7
4:45:10 PM	66.7
4:45:11 PM	66.7
4:45:12 PM	66.7
4:45:13 PM	66.7
4:45:14 PM	66.7
4:45:15 PM	66.7
4:45:16 PM	66.7
4:45:17 PM	66.7
4:45:18 PM	66.7
4:45:19 PM	66.8
4:45:20 PM	66.8
4:45:21 PM	66.8
4:45:22 PM	66.8
4:45:23 PM	66.8
4:45:24 PM	66.8
4:45:25 PM	66.8
4:45:26 PM	66.8
4:45:27 PM	66.8
4:45:28 PM	66.8
4:45:29 PM	66.9
4:45:30 PM	66.9
4:45:31 PM	66.9
4:45:32 PM	66.9
4:45:33 PM	66.9
4:45:34 PM	66.9
4:45:35 PM	66.9
4:45:36 PM	66.9
4:45:37 PM	66.9
4:45:38 PM	67.0
4:45:39 PM	67.0
4:45:40 PM	67.0
4:45:41 PM	67.0
4:45:42 PM	67.0
4:45:43 PM	67.0
4:45:44 PM	67.0
4:45:45 PM	67.0
4:45:46 PM	67.0
4:45:47 PM	67.0
4:45:48 PM	67.1
4:45:49 PM	67.1
4:45:50 PM	67.1
4:45:51 PM	67.1
4:45:52 PM	67.1
4:45:53 PM	67.1
4:45:54 PM	67.1
4:45:55 PM	67.1
4:45:56 PM	67.1
4:45:57 PM	67.1
4:45:58 PM	67.2
4:46:00 PM	67.2
4:46:01 PM	67.2
4:46:02 PM	67.2
4:46:03 PM	67.2
4:46:04 PM	67.2
4:46:05 PM	67.2
4:46:06 PM	67.2
4:46:07 PM	67.2
4:46:08 PM	67.2
4:46:09 PM	67.2
4:46:10 PM	67.3
4:46:11 PM	67.3
4:46:12 PM	67.3
4:46:13 PM	67.3
4:46:14 PM	67.3
4:46:15 PM	67.3
4:46:16 PM	67.3
4:46:17 PM	67.3
4:46:18 PM	67.4
4:46:19 PM	67.4
4:46:20 PM	67.4
4:46:21 PM	67.4
4:46:22 PM	67.4
4:46:23 PM	67.3
4:46:24 PM	67.4
4:46:25 PM	67.4
4:46:26 PM	67.4
4:46:27 PM	67.4
4:46:28 PM	67.5
4:46:29 PM	67.5
4:46:30 PM	67.5
4:46:31 PM	67.5
4:46:32 PM	67.4
4:46:33 PM	67.5
4:46:34 PM	67.5
4:46:35 PM	67.5
4:46:36 PM	67.5
4:46:37 PM	67.6
4:46:38 PM	67.6
4:46:39 PM	67.6
4:46:40 PM	67.6
4:46:41 PM	67.6
4:46:42 PM	67.6
4:46:43 PM	67.6
4:46:44 PM	67.6
4:46:45 PM	67.6
4:46:46 PM	67.6
4:46:47 PM	67.6
4:46:48 PM	67.7
4:46:49 PM	67.7
4:46:50 PM	67.7
4:46:51 PM	67.6
4:46:52 PM	67.6
4:46:53 PM	67.7
4:46:54 PM	67.7
4:46:55 PM	67.7
4:46:56 PM	67.7
4:46:57 PM	67.7
4:46:58 PM	67.7
4:46:59 PM	67.8
4:47:00 PM	67.8
4:47:01 PM	67.8
4:47:02 PM	67.8
4:47:03 PM	67.8
4:47:04 PM	67.8
4:47:05 PM	67.8
4:47:06 PM	67.8
4:47:07 PM	67.9
4:47:08 PM	67.9
4:47:09 PM	67.9
4:47:10 PM	67.9
4:47:12 PM	67.9
4:47:13 PM	67.8
4:47:14 PM	67.9
4:47:15 PM	67.9
4:47:16 PM	67.9
4:47:17 PM	67.9
4:47:18 PM	68.0
4:47:19 PM	68.0
4:47:20 PM	68.0
4:47:21 PM	68.0
4:47:22 PM	68.0
4:47:23 PM	68.0
4:47:24 PM	68.0
4:47:25 PM	68.0
4:47:26 PM	68.0
4:47:27 PM	68.0
4:47:28 PM	68.1
4:47:29 PM	68.1
4:47:30 PM	68.0
4:47:31 PM	68.1
4:47:32 PM	68.1
4:47:33 PM	68.1
4:47:34 PM	68.0
4:47:35 PM	68.1