Start Time:	10/24/2014 2:48:31 PM
Units:	Deg C
Thermocouple:	J
Device:	019811EA
Logging Interval:	1 second(s)
Description:	Chilled water, returned to room temp at 2:48:00 PM, with no lid and thermocouple in,


Time	Temp
2:48:32 PM	8.4
2:48:33 PM	8.4
2:48:34 PM	8.5
2:48:35 PM	8.5
2:48:36 PM	8.5
2:48:37 PM	8.5
2:48:38 PM	8.5
2:48:39 PM	8.5
2:48:40 PM	8.5
2:48:41 PM	8.5
2:48:42 PM	8.6
2:48:43 PM	8.6
2:48:44 PM	8.6
2:48:45 PM	8.6
2:48:46 PM	8.6
2:48:47 PM	8.6
2:48:48 PM	8.6
2:48:49 PM	8.7
2:48:50 PM	8.7
2:48:51 PM	8.7
2:48:52 PM	8.7
2:48:53 PM	8.7
2:48:54 PM	8.7
2:48:55 PM	8.7
2:48:56 PM	8.7
2:48:57 PM	8.8
2:48:58 PM	8.8
2:48:59 PM	8.8
2:49:00 PM	8.8
2:49:01 PM	8.8
2:49:02 PM	8.8
2:49:03 PM	8.8
2:49:04 PM	8.9
2:49:05 PM	8.9
2:49:06 PM	8.9
2:49:07 PM	8.9
2:49:08 PM	8.9
2:49:09 PM	8.9
2:49:10 PM	8.9
2:49:11 PM	8.9
2:49:12 PM	9.0
2:49:13 PM	9.0
2:49:14 PM	9.0
2:49:15 PM	9.0
2:49:16 PM	9.0
2:49:17 PM	9.0
2:49:19 PM	9.0
2:49:20 PM	9.0
2:49:21 PM	9.0
2:49:22 PM	9.1
2:49:23 PM	9.1
2:49:24 PM	9.1
2:49:25 PM	9.1
2:49:26 PM	9.1
2:49:27 PM	9.1
2:49:28 PM	9.1
2:49:29 PM	9.1
2:49:30 PM	9.2
2:49:31 PM	9.2
2:49:32 PM	9.2
2:49:33 PM	9.2
2:49:34 PM	9.2
2:49:35 PM	9.2
2:49:36 PM	9.2
2:49:37 PM	9.2
2:49:38 PM	9.2
2:49:39 PM	9.3
2:49:40 PM	9.2
2:49:41 PM	9.3
2:49:42 PM	9.3
2:49:43 PM	9.3
2:49:44 PM	9.3
2:49:45 PM	9.2
2:49:46 PM	9.3
2:49:47 PM	9.3
2:49:48 PM	9.3
2:49:49 PM	9.4
2:49:50 PM	9.3
2:49:51 PM	9.4
2:49:52 PM	9.3
2:49:53 PM	9.3
2:49:54 PM	9.4
2:49:55 PM	9.4
2:49:56 PM	9.4
2:49:57 PM	9.4
2:49:58 PM	9.4
2:49:59 PM	9.5
2:50:00 PM	9.4
2:50:01 PM	9.4
2:50:02 PM	9.4
2:50:03 PM	9.4
2:50:04 PM	9.5
2:50:05 PM	9.5
2:50:06 PM	9.5
2:50:07 PM	9.5
2:50:08 PM	9.5
2:50:09 PM	9.5
2:50:10 PM	9.5
2:50:11 PM	9.5
2:50:12 PM	9.5
2:50:13 PM	9.5
2:50:14 PM	9.5
2:50:15 PM	9.6
2:50:16 PM	9.6
2:50:17 PM	9.6
2:50:18 PM	9.6
2:50:19 PM	9.6
2:50:20 PM	9.6
2:50:21 PM	9.6
2:50:22 PM	9.6
2:50:23 PM	9.6
2:50:24 PM	9.6
2:50:25 PM	9.6
2:50:26 PM	9.7
2:50:27 PM	9.7
2:50:28 PM	9.7
2:50:29 PM	9.7
2:50:31 PM	9.7
2:50:32 PM	9.7
2:50:33 PM	9.7
2:50:34 PM	9.7
2:50:35 PM	9.7
2:50:36 PM	9.7
2:50:37 PM	9.8
2:50:38 PM	9.8
2:50:39 PM	9.8
2:50:40 PM	9.8
2:50:41 PM	9.8
2:50:42 PM	9.8
2:50:43 PM	9.8
2:50:44 PM	9.8
2:50:45 PM	9.8
2:50:46 PM	9.8
2:50:47 PM	9.8
2:50:48 PM	9.8
2:50:49 PM	9.9
2:50:50 PM	9.9
2:50:51 PM	9.9
2:50:52 PM	9.9
2:50:53 PM	9.9
2:50:54 PM	9.9
2:50:55 PM	9.9
2:50:56 PM	9.9
2:50:57 PM	9.9
2:50:58 PM	9.9
2:50:59 PM	10.0
2:51:00 PM	10.0
2:51:01 PM	10.0
2:51:02 PM	10.0
2:51:03 PM	10.0
2:51:04 PM	10.0
2:51:05 PM	10.0
2:51:06 PM	10.0
2:51:07 PM	10.0
2:51:08 PM	10.0
2:51:09 PM	10.0
2:51:10 PM	10.1
2:51:11 PM	10.1
2:51:12 PM	10.1
2:51:13 PM	10.1
2:51:14 PM	10.1
2:51:15 PM	10.1
2:51:16 PM	10.1
2:51:17 PM	10.1
2:51:18 PM	10.1
2:51:19 PM	10.1
2:51:20 PM	10.1
2:51:21 PM	10.1
2:51:22 PM	10.2
2:51:23 PM	10.2
2:51:24 PM	10.2
2:51:25 PM	10.1
2:51:26 PM	10.2
2:51:27 PM	10.1
2:51:28 PM	10.1
2:51:29 PM	10.1
2:51:30 PM	10.2
2:51:31 PM	10.2
2:51:32 PM	10.2
2:51:33 PM	10.2
2:51:34 PM	10.2
2:51:35 PM	10.3
2:51:36 PM	10.2
2:51:37 PM	10.2
2:51:38 PM	10.2
2:51:39 PM	10.2
2:51:40 PM	10.2
2:51:41 PM	10.2
2:51:43 PM	10.2
2:51:44 PM	10.3
2:51:45 PM	10.3
2:51:46 PM	10.3
2:51:47 PM	10.3
2:51:48 PM	10.3
2:51:49 PM	10.3
2:51:50 PM	10.3
2:51:51 PM	10.3
2:51:52 PM	10.3
2:51:53 PM	10.3
2:51:54 PM	10.3
2:51:55 PM	10.3
2:51:56 PM	10.3
2:51:57 PM	10.4
2:51:58 PM	10.4
2:51:59 PM	10.4
2:52:00 PM	10.4
2:52:01 PM	10.4
2:52:02 PM	10.4
2:52:03 PM	10.4
2:52:04 PM	10.4
2:52:05 PM	10.4
2:52:06 PM	10.4
2:52:07 PM	10.4
2:52:08 PM	10.4
2:52:09 PM	10.5
2:52:10 PM	10.5
2:52:11 PM	10.5
2:52:12 PM	10.5
2:52:13 PM	10.5
2:52:14 PM	10.5
2:52:15 PM	10.5
2:52:16 PM	10.5
2:52:17 PM	10.5
2:52:18 PM	10.5
2:52:19 PM	10.5
2:52:20 PM	10.5
2:52:21 PM	10.5
2:52:22 PM	10.6
2:52:23 PM	10.6
2:52:24 PM	10.6
2:52:25 PM	10.6
2:52:26 PM	10.6
2:52:27 PM	10.6
2:52:28 PM	10.6
2:52:29 PM	10.6
2:52:30 PM	10.6
2:52:31 PM	10.6
2:52:32 PM	10.6
2:52:33 PM	10.6
2:52:34 PM	10.6
2:52:35 PM	10.6
2:52:36 PM	10.7
2:52:37 PM	10.7
2:52:38 PM	10.7
2:52:39 PM	10.7
2:52:40 PM	10.7
2:52:41 PM	10.7
2:52:42 PM	10.7
2:52:43 PM	10.7
2:52:44 PM	10.7
2:52:45 PM	10.7
2:52:46 PM	10.7
2:52:47 PM	10.7
2:52:48 PM	10.7
2:52:49 PM	10.7
2:52:50 PM	10.7
2:52:51 PM	10.8
2:52:52 PM	10.8
2:52:53 PM	10.8
2:52:55 PM	10.8
2:52:56 PM	10.8
2:52:57 PM	10.8
2:52:58 PM	10.8
2:52:59 PM	10.8
2:53:00 PM	10.8
2:53:01 PM	10.8
2:53:02 PM	10.8
2:53:03 PM	10.8
2:53:04 PM	10.8
2:53:05 PM	10.8
2:53:06 PM	10.8
2:53:07 PM	10.9
2:53:08 PM	10.9
2:53:09 PM	10.9
2:53:10 PM	10.9
2:53:11 PM	10.8
2:53:12 PM	10.8
2:53:13 PM	10.9
2:53:14 PM	10.8
2:53:15 PM	10.9
2:53:16 PM	10.9
2:53:17 PM	10.9
2:53:18 PM	10.9
2:53:19 PM	10.9
2:53:20 PM	10.9
2:53:21 PM	11.0
2:53:22 PM	10.9
2:53:23 PM	10.9
2:53:24 PM	10.9
2:53:25 PM	10.9
2:53:26 PM	10.9
2:53:27 PM	10.9
2:53:28 PM	10.9
2:53:29 PM	10.9
2:53:30 PM	11.0
2:53:31 PM	11.0
2:53:32 PM	11.0
2:53:33 PM	11.0
2:53:34 PM	11.0
2:53:35 PM	11.0
2:53:36 PM	11.0
2:53:37 PM	11.0
2:53:38 PM	11.0
2:53:39 PM	11.0
2:53:40 PM	11.0
2:53:41 PM	11.0
2:53:42 PM	11.0
2:53:43 PM	11.0
2:53:44 PM	11.0
2:53:45 PM	11.1
2:53:46 PM	11.1
2:53:47 PM	11.1
2:53:48 PM	11.1
2:53:49 PM	11.1
2:53:50 PM	11.1
2:53:51 PM	11.1
2:53:52 PM	11.1
2:53:53 PM	11.1
2:53:54 PM	11.1
2:53:55 PM	11.1
2:53:56 PM	11.1
2:53:57 PM	11.1
2:53:58 PM	11.1
2:53:59 PM	11.2
2:54:00 PM	11.2
2:54:01 PM	11.2
2:54:02 PM	11.2
2:54:03 PM	11.2
2:54:04 PM	11.2
2:54:05 PM	11.2
2:54:06 PM	11.2
2:54:08 PM	11.2
2:54:09 PM	11.2
2:54:10 PM	11.2
2:54:11 PM	11.2
2:54:12 PM	11.2
2:54:13 PM	11.2
2:54:14 PM	11.2
2:54:15 PM	11.2
2:54:16 PM	11.3
2:54:17 PM	11.3
2:54:18 PM	11.3
2:54:19 PM	11.3
2:54:20 PM	11.3
2:54:21 PM	11.3
2:54:22 PM	11.3
2:54:23 PM	11.3
2:54:24 PM	11.3
2:54:25 PM	11.2
2:54:26 PM	11.3
2:54:27 PM	11.3
2:54:28 PM	11.3
2:54:29 PM	11.3
2:54:30 PM	11.3
2:54:31 PM	11.3
2:54:32 PM	11.4
2:54:33 PM	11.4
2:54:34 PM	11.4
2:54:35 PM	11.4
2:54:36 PM	11.4
2:54:37 PM	11.4
2:54:38 PM	11.4
2:54:39 PM	11.4
2:54:40 PM	11.4
2:54:41 PM	11.3
2:54:42 PM	11.3
2:54:43 PM	11.4
2:54:44 PM	11.4
2:54:45 PM	11.4
2:54:46 PM	11.4
2:54:47 PM	11.4
2:54:48 PM	11.4
2:54:49 PM	11.4
2:54:50 PM	11.4
2:54:51 PM	11.4
2:54:52 PM	11.4
2:54:53 PM	11.4
2:54:54 PM	11.4
2:54:55 PM	11.4
2:54:56 PM	11.4
2:54:57 PM	11.5
2:54:58 PM	11.5
2:54:59 PM	11.4
2:55:00 PM	11.5
2:55:01 PM	11.5
2:55:02 PM	11.5
2:55:03 PM	11.5
2:55:04 PM	11.5
2:55:05 PM	11.5
2:55:06 PM	11.5
2:55:07 PM	11.5
2:55:08 PM	11.5
2:55:09 PM	11.5
2:55:10 PM	11.5
2:55:11 PM	11.5
2:55:12 PM	11.5
2:55:13 PM	11.5
2:55:14 PM	11.5
2:55:15 PM	11.5
2:55:16 PM	11.5
2:55:17 PM	11.6
2:55:18 PM	11.6
2:55:20 PM	11.6
2:55:21 PM	11.6
2:55:22 PM	11.6
2:55:23 PM	11.6
2:55:24 PM	11.6
2:55:25 PM	11.6
2:55:26 PM	11.6
2:55:27 PM	11.6
2:55:28 PM	11.6
2:55:29 PM	11.6
2:55:30 PM	11.6
2:55:31 PM	11.6
2:55:32 PM	11.6
2:55:33 PM	11.6
2:55:34 PM	11.6
2:55:35 PM	11.6
2:55:36 PM	11.7
2:55:37 PM	11.7
2:55:38 PM	11.7
2:55:39 PM	11.7
2:55:40 PM	11.7
2:55:41 PM	11.7
2:55:42 PM	11.7
2:55:43 PM	11.7
2:55:44 PM	11.7
2:55:45 PM	11.7
2:55:46 PM	11.7
2:55:47 PM	11.7
2:55:48 PM	11.7
2:55:49 PM	11.7
2:55:50 PM	11.7
2:55:51 PM	11.7
2:55:52 PM	11.7
2:55:53 PM	11.7
2:55:54 PM	11.7
2:55:55 PM	11.8
2:55:56 PM	11.8
2:55:57 PM	11.8
2:55:58 PM	11.8
2:55:59 PM	11.8
2:56:00 PM	11.8
2:56:01 PM	11.8
2:56:02 PM	11.8
2:56:03 PM	11.8
2:56:04 PM	11.8
2:56:05 PM	11.8
2:56:06 PM	11.8
2:56:07 PM	11.8
2:56:08 PM	11.8
2:56:09 PM	11.8
2:56:10 PM	11.8
2:56:11 PM	11.8
2:56:12 PM	11.8
2:56:13 PM	11.8
2:56:14 PM	11.9
2:56:15 PM	11.9
2:56:16 PM	11.9
2:56:17 PM	11.9
2:56:18 PM	11.9
2:56:19 PM	11.9
2:56:20 PM	11.9
2:56:21 PM	11.9
2:56:22 PM	11.9
2:56:23 PM	11.9
2:56:24 PM	11.9
2:56:25 PM	11.9
2:56:26 PM	11.9
2:56:27 PM	11.9
2:56:28 PM	11.9
2:56:29 PM	11.9
2:56:30 PM	11.9
2:56:32 PM	11.9
2:56:33 PM	11.9
2:56:34 PM	11.9
2:56:35 PM	12.0
2:56:36 PM	12.0
2:56:37 PM	12.0
2:56:38 PM	12.0
2:56:39 PM	12.0
2:56:40 PM	12.0
2:56:41 PM	12.0
2:56:42 PM	12.0
2:56:43 PM	12.0
2:56:44 PM	12.0
2:56:45 PM	12.0
2:56:46 PM	12.0
2:56:47 PM	12.0
2:56:48 PM	12.0
2:56:49 PM	12.0
2:56:50 PM	12.0
2:56:51 PM	12.0
2:56:52 PM	12.0
2:56:53 PM	12.0
2:56:54 PM	12.0
2:56:55 PM	12.0
2:56:56 PM	12.0
2:56:57 PM	12.0
2:56:58 PM	12.1
2:56:59 PM	12.1
2:57:00 PM	12.1
2:57:01 PM	12.1
2:57:02 PM	12.1
2:57:03 PM	12.1
2:57:04 PM	12.1
2:57:05 PM	12.0
2:57:06 PM	12.0
2:57:07 PM	12.0
2:57:08 PM	12.1
2:57:09 PM	12.1
2:57:10 PM	12.1
2:57:11 PM	12.1
2:57:12 PM	12.1
2:57:13 PM	12.1
2:57:14 PM	12.1
2:57:15 PM	12.1
2:57:16 PM	12.1
2:57:17 PM	12.1
2:57:18 PM	12.1
2:57:19 PM	12.2
2:57:20 PM	12.2
2:57:21 PM	12.1
2:57:22 PM	12.2
2:57:23 PM	12.1
2:57:24 PM	12.1
2:57:25 PM	12.1
2:57:26 PM	12.1
2:57:27 PM	12.1
2:57:28 PM	12.1
2:57:29 PM	12.1
2:57:30 PM	12.1
2:57:31 PM	12.1
2:57:32 PM	12.2
2:57:33 PM	12.2
2:57:34 PM	12.2
2:57:35 PM	12.2
2:57:36 PM	12.2
2:57:37 PM	12.2
2:57:38 PM	12.2
2:57:39 PM	12.2
2:57:40 PM	12.2
2:57:41 PM	12.2
2:57:42 PM	12.2
2:57:44 PM	12.2
2:57:45 PM	12.2
2:57:46 PM	12.3
2:57:47 PM	12.3
2:57:48 PM	12.2
2:57:49 PM	12.2
2:57:50 PM	12.2
2:57:51 PM	12.2
2:57:52 PM	12.2
2:57:53 PM	12.2
2:57:54 PM	12.2
2:57:55 PM	12.3
2:57:56 PM	12.3
2:57:57 PM	12.3
2:57:58 PM	12.3
2:57:59 PM	12.3
2:58:00 PM	12.3
2:58:01 PM	12.3
2:58:02 PM	12.3
2:58:03 PM	12.3
2:58:04 PM	12.3
2:58:05 PM	12.4
2:58:06 PM	12.4
2:58:07 PM	12.4
2:58:08 PM	12.3
2:58:09 PM	12.3
2:58:10 PM	12.3
2:58:11 PM	12.3
2:58:12 PM	12.3
2:58:13 PM	12.3
2:58:14 PM	12.4
2:58:15 PM	12.3
2:58:16 PM	12.3
2:58:17 PM	12.3
2:58:18 PM	12.4
2:58:19 PM	12.4
2:58:20 PM	12.4
2:58:21 PM	12.4
2:58:22 PM	12.4
2:58:23 PM	12.4
2:58:24 PM	12.4
2:58:25 PM	12.4
2:58:26 PM	12.4
2:58:27 PM	12.4
2:58:28 PM	12.4
2:58:29 PM	12.4
2:58:30 PM	12.4
2:58:31 PM	12.4
2:58:32 PM	12.5
2:58:33 PM	12.4
2:58:34 PM	12.4
2:58:35 PM	12.4
2:58:36 PM	12.5
2:58:37 PM	12.4
2:58:38 PM	12.4
2:58:39 PM	12.4
2:58:40 PM	12.4
2:58:41 PM	12.4
2:58:42 PM	12.4
2:58:43 PM	12.4
2:58:44 PM	12.5
2:58:45 PM	12.5
2:58:46 PM	12.5
2:58:47 PM	12.5
2:58:48 PM	12.5
2:58:49 PM	12.5
2:58:50 PM	12.5
2:58:51 PM	12.5
2:58:52 PM	12.5
2:58:53 PM	12.5
2:58:54 PM	12.5
2:58:56 PM	12.6
2:58:57 PM	12.5
2:58:58 PM	12.5
2:58:59 PM	12.5
2:59:00 PM	12.6
2:59:01 PM	12.5
2:59:02 PM	12.5
2:59:03 PM	12.5
2:59:04 PM	12.5
2:59:05 PM	12.5
2:59:06 PM	12.5
2:59:07 PM	12.6
2:59:08 PM	12.5
2:59:09 PM	12.5
2:59:10 PM	12.5
2:59:11 PM	12.6
2:59:12 PM	12.6
2:59:13 PM	12.6
2:59:14 PM	12.6
2:59:15 PM	12.6
2:59:16 PM	12.6
2:59:17 PM	12.6
2:59:18 PM	12.6
2:59:19 PM	12.6
2:59:20 PM	12.6
2:59:21 PM	12.6
2:59:22 PM	12.6
2:59:23 PM	12.7
2:59:24 PM	12.6
2:59:25 PM	12.6
2:59:26 PM	12.6
2:59:27 PM	12.6
2:59:28 PM	12.6
2:59:29 PM	12.6
2:59:30 PM	12.6
2:59:31 PM	12.6
2:59:32 PM	12.6
2:59:33 PM	12.6
2:59:34 PM	12.7
2:59:35 PM	12.6
2:59:36 PM	12.6
2:59:37 PM	12.7
2:59:38 PM	12.6
2:59:39 PM	12.7
2:59:40 PM	12.7
2:59:41 PM	12.7
2:59:42 PM	12.7
2:59:43 PM	12.7
2:59:44 PM	12.7
2:59:45 PM	12.7
2:59:46 PM	12.7
2:59:47 PM	12.7
2:59:48 PM	12.7
2:59:49 PM	12.7
2:59:50 PM	12.7
2:59:51 PM	12.7
2:59:52 PM	12.7
2:59:53 PM	12.7
2:59:54 PM	12.7
2:59:55 PM	12.7
2:59:56 PM	12.7
2:59:57 PM	12.8
2:59:58 PM	12.7
2:59:59 PM	12.7
3:00:00 PM	12.8
3:00:01 PM	12.8
3:00:02 PM	12.8
3:00:03 PM	12.8
3:00:04 PM	12.7
3:00:05 PM	12.8
3:00:06 PM	12.8
3:00:08 PM	12.8
3:00:09 PM	12.8
3:00:10 PM	12.8
3:00:11 PM	12.8
3:00:12 PM	12.8
3:00:13 PM	12.8
3:00:14 PM	12.8
3:00:15 PM	12.8
3:00:16 PM	12.8
3:00:17 PM	12.8
3:00:18 PM	12.8
3:00:19 PM	12.9
3:00:20 PM	12.9
3:00:21 PM	12.8
3:00:22 PM	12.9
3:00:23 PM	12.9
3:00:24 PM	12.9
3:00:25 PM	12.8
3:00:26 PM	12.9
3:00:27 PM	12.9
3:00:28 PM	12.9
3:00:29 PM	12.9
3:00:30 PM	12.8
3:00:31 PM	12.9
3:00:32 PM	12.9
3:00:33 PM	12.9
3:00:34 PM	12.9
3:00:35 PM	12.9
3:00:36 PM	12.9
3:00:37 PM	12.9
3:00:38 PM	12.9
3:00:39 PM	12.9
3:00:40 PM	12.9
3:00:41 PM	12.9
3:00:42 PM	12.9
3:00:43 PM	12.9
3:00:44 PM	12.9
3:00:45 PM	12.9
3:00:46 PM	12.9
3:00:47 PM	12.9
3:00:48 PM	12.9
3:00:49 PM	12.9
3:00:50 PM	13.0
3:00:51 PM	13.0
3:00:52 PM	13.0
3:00:53 PM	13.0
3:00:54 PM	13.0
3:00:55 PM	13.0
3:00:56 PM	13.0
3:00:57 PM	13.0
3:00:58 PM	13.0
3:00:59 PM	13.0
3:01:00 PM	13.0
3:01:01 PM	13.0
3:01:02 PM	13.0
3:01:03 PM	13.0
3:01:04 PM	13.0
3:01:05 PM	13.0
3:01:06 PM	13.0
3:01:07 PM	13.0
3:01:08 PM	13.0
3:01:09 PM	13.0
3:01:10 PM	13.0
3:01:11 PM	13.0
3:01:12 PM	13.0
3:01:13 PM	13.0
3:01:14 PM	13.0
3:01:15 PM	13.0
3:01:16 PM	13.0
3:01:17 PM	13.0
3:01:18 PM	13.0
3:01:19 PM	13.1
3:01:21 PM	13.1
3:01:22 PM	13.1
3:01:23 PM	13.1
3:01:24 PM	13.1
3:01:25 PM	13.1
3:01:26 PM	13.1
3:01:27 PM	13.1
3:01:28 PM	13.1
3:01:29 PM	13.1
3:01:30 PM	13.1
3:01:31 PM	13.1
3:01:32 PM	13.1
3:01:33 PM	13.1
3:01:34 PM	13.1
3:01:35 PM	13.1
3:01:36 PM	13.1
3:01:37 PM	13.1
3:01:38 PM	13.1
3:01:39 PM	13.1
3:01:40 PM	13.1
3:01:41 PM	13.1
3:01:42 PM	13.1
3:01:43 PM	13.1
3:01:44 PM	13.1
3:01:45 PM	13.1
3:01:46 PM	13.1
3:01:47 PM	13.1
3:01:48 PM	13.1
3:01:49 PM	13.1
3:01:50 PM	13.1
3:01:51 PM	13.1
3:01:52 PM	13.2
3:01:53 PM	13.2
3:01:54 PM	13.2
3:01:55 PM	13.2
3:01:56 PM	13.2
3:01:57 PM	13.2
3:01:58 PM	13.2
3:01:59 PM	13.2
3:02:00 PM	13.2
3:02:01 PM	13.2
3:02:02 PM	13.2
3:02:03 PM	13.2
3:02:04 PM	13.2
3:02:05 PM	13.2
3:02:06 PM	13.2
3:02:07 PM	13.2
3:02:08 PM	13.2
3:02:09 PM	13.2
3:02:10 PM	13.2
3:02:11 PM	13.2
3:02:12 PM	13.2
3:02:13 PM	13.2
3:02:14 PM	13.2
3:02:15 PM	13.2
3:02:16 PM	13.2
3:02:17 PM	13.2
3:02:18 PM	13.2
3:02:19 PM	13.2
3:02:20 PM	13.2
3:02:21 PM	13.2
3:02:22 PM	13.2
3:02:23 PM	13.2
3:02:24 PM	13.2
3:02:25 PM	13.3
3:02:26 PM	13.3
3:02:27 PM	13.3
3:02:28 PM	13.3
3:02:29 PM	13.3
3:02:30 PM	13.3
3:02:31 PM	13.3
3:02:33 PM	13.3
3:02:34 PM	13.3
3:02:35 PM	13.3
3:02:36 PM	13.3
3:02:37 PM	13.3
3:02:38 PM	13.3
3:02:39 PM	13.3
3:02:40 PM	13.3
3:02:41 PM	13.3
3:02:42 PM	13.3
3:02:43 PM	13.3
3:02:44 PM	13.3
3:02:45 PM	13.3
3:02:46 PM	13.3
3:02:47 PM	13.3
3:02:48 PM	13.3
3:02:49 PM	13.3
3:02:50 PM	13.3
3:02:51 PM	13.3
3:02:52 PM	13.3
3:02:53 PM	13.3
3:02:54 PM	13.3
3:02:55 PM	13.3
3:02:56 PM	13.3
3:02:57 PM	13.3
3:02:58 PM	13.4
3:02:59 PM	13.4
3:03:00 PM	13.4
3:03:01 PM	13.4
3:03:02 PM	13.4
3:03:03 PM	13.4
3:03:04 PM	13.4
3:03:05 PM	13.4
3:03:06 PM	13.4
3:03:07 PM	13.4
3:03:08 PM	13.4
3:03:09 PM	13.4
3:03:10 PM	13.4
3:03:11 PM	13.4
3:03:12 PM	13.4
3:03:13 PM	13.4
3:03:14 PM	13.4
3:03:15 PM	13.4
3:03:16 PM	13.4
3:03:17 PM	13.4
3:03:18 PM	13.4
3:03:19 PM	13.4
3:03:20 PM	13.4
3:03:21 PM	13.4
3:03:22 PM	13.4
3:03:23 PM	13.4
3:03:24 PM	13.4
3:03:25 PM	13.4
3:03:26 PM	13.4
3:03:27 PM	13.4
3:03:28 PM	13.4
3:03:29 PM	13.4
3:03:30 PM	13.4
3:03:31 PM	13.5
3:03:32 PM	13.5
3:03:33 PM	13.5
3:03:34 PM	13.5
3:03:35 PM	13.5
3:03:36 PM	13.5
3:03:37 PM	13.5
3:03:38 PM	13.5
3:03:39 PM	13.5
3:03:40 PM	13.5
3:03:41 PM	13.5
3:03:42 PM	13.5
3:03:43 PM	13.5
3:03:45 PM	13.5
3:03:46 PM	13.5
3:03:47 PM	13.5
3:03:48 PM	13.5
3:03:49 PM	13.5
3:03:50 PM	13.5
3:03:51 PM	13.5
3:03:52 PM	13.5
3:03:53 PM	13.5
3:03:54 PM	13.5
3:03:55 PM	13.5
3:03:56 PM	13.5
3:03:57 PM	13.5
3:03:58 PM	13.5
3:03:59 PM	13.5
3:04:00 PM	13.5
3:04:01 PM	13.5
3:04:02 PM	13.5
3:04:03 PM	13.5
3:04:04 PM	13.5
3:04:05 PM	13.5
3:04:06 PM	13.5
3:04:07 PM	13.5
3:04:08 PM	13.6
3:04:09 PM	13.6
3:04:10 PM	13.6
3:04:11 PM	13.6
3:04:12 PM	13.6
3:04:13 PM	13.6
3:04:14 PM	13.6
3:04:15 PM	13.6
3:04:16 PM	13.6
3:04:17 PM	13.6
3:04:18 PM	13.6
3:04:19 PM	13.6
3:04:20 PM	13.6
3:04:21 PM	13.6
3:04:22 PM	13.6
3:04:23 PM	13.6
3:04:24 PM	13.6
3:04:25 PM	13.6
3:04:26 PM	13.6
3:04:27 PM	13.6
3:04:28 PM	13.6
3:04:29 PM	13.6
3:04:30 PM	13.6
3:04:31 PM	13.6
3:04:32 PM	13.6
3:04:33 PM	13.6
3:04:34 PM	13.6
3:04:35 PM	13.6
3:04:36 PM	13.6
3:04:37 PM	13.6
3:04:38 PM	13.6
3:04:39 PM	13.6
3:04:40 PM	13.6
3:04:41 PM	13.6
3:04:42 PM	13.6
3:04:43 PM	13.6
3:04:44 PM	13.7
3:04:45 PM	13.7
3:04:46 PM	13.7
3:04:47 PM	13.7
3:04:48 PM	13.7
3:04:49 PM	13.7
3:04:50 PM	13.7
3:04:51 PM	13.7
3:04:52 PM	13.7
3:04:53 PM	13.7
3:04:54 PM	13.7
3:04:55 PM	13.7
3:04:57 PM	13.7
3:04:58 PM	13.7
3:04:59 PM	13.7
3:05:00 PM	13.7
3:05:01 PM	13.7
3:05:02 PM	13.7
3:05:03 PM	13.7
3:05:04 PM	13.7
3:05:05 PM	13.7
3:05:06 PM	13.7
3:05:07 PM	13.7
3:05:08 PM	13.7
3:05:09 PM	13.7
3:05:10 PM	13.7
3:05:11 PM	13.7
3:05:12 PM	13.7
3:05:13 PM	13.8
3:05:14 PM	13.7
3:05:15 PM	13.8
3:05:16 PM	13.8
3:05:17 PM	13.8
3:05:18 PM	13.8
3:05:19 PM	13.8
3:05:20 PM	13.8
3:05:21 PM	13.8
3:05:22 PM	13.8
3:05:23 PM	13.8
3:05:24 PM	13.8
3:05:25 PM	13.8
3:05:26 PM	13.8
3:05:27 PM	13.8
3:05:28 PM	13.8
3:05:29 PM	13.8
3:05:30 PM	13.8
3:05:31 PM	13.8
3:05:32 PM	13.8
3:05:33 PM	13.8
3:05:34 PM	13.8
3:05:35 PM	13.8
3:05:36 PM	13.8
3:05:37 PM	13.8
3:05:38 PM	13.8
3:05:39 PM	13.8
3:05:40 PM	13.8
3:05:41 PM	13.8
3:05:42 PM	13.8
3:05:43 PM	13.8
3:05:44 PM	13.8
3:05:45 PM	13.8
3:05:46 PM	13.9
3:05:47 PM	13.9
3:05:48 PM	13.9
3:05:49 PM	13.9
3:05:50 PM	13.9
3:05:51 PM	13.9
3:05:52 PM	13.9
3:05:53 PM	13.9
3:05:54 PM	13.9
3:05:55 PM	13.9
3:05:56 PM	13.9
3:05:57 PM	13.9
3:05:58 PM	13.9
3:05:59 PM	13.9
3:06:00 PM	13.9
3:06:01 PM	13.9
3:06:02 PM	13.9
3:06:03 PM	13.9
3:06:04 PM	13.9
3:06:05 PM	13.9
3:06:06 PM	13.9
3:06:07 PM	13.9
3:06:09 PM	13.9
3:06:10 PM	13.9
3:06:11 PM	13.9
3:06:12 PM	13.9
3:06:13 PM	13.9
3:06:14 PM	13.9
3:06:15 PM	13.9
3:06:16 PM	13.9
3:06:17 PM	13.9
3:06:18 PM	13.9
3:06:19 PM	13.9
3:06:20 PM	13.9
3:06:21 PM	13.9
3:06:22 PM	14.0
3:06:23 PM	14.0
3:06:24 PM	14.0
3:06:25 PM	14.0
3:06:26 PM	14.0
3:06:27 PM	14.0
3:06:28 PM	14.0
3:06:29 PM	14.0
3:06:30 PM	14.0
3:06:31 PM	14.0
3:06:32 PM	14.0
3:06:33 PM	14.0
3:06:34 PM	14.0
3:06:35 PM	14.0
3:06:36 PM	14.0
3:06:37 PM	14.0
3:06:38 PM	14.0
3:06:39 PM	14.0
3:06:40 PM	14.0
3:06:41 PM	14.0
3:06:42 PM	14.0
3:06:43 PM	14.0
3:06:44 PM	14.0
3:06:45 PM	14.0
3:06:46 PM	14.0
3:06:47 PM	14.0
3:06:48 PM	14.0
3:06:49 PM	14.0
3:06:50 PM	14.0
3:06:51 PM	14.0
3:06:52 PM	14.0
3:06:53 PM	14.0
3:06:54 PM	14.0
3:06:55 PM	14.0
3:06:56 PM	14.0
3:06:57 PM	14.0
3:06:58 PM	14.0
3:06:59 PM	14.1
3:07:00 PM	14.1
3:07:01 PM	14.1
3:07:02 PM	14.1
3:07:03 PM	14.1
3:07:04 PM	14.0
3:07:05 PM	14.1
3:07:06 PM	14.1
3:07:07 PM	14.1
3:07:08 PM	14.1
3:07:09 PM	14.1
3:07:10 PM	14.1
3:07:11 PM	14.1
3:07:12 PM	14.1
3:07:13 PM	14.1
3:07:14 PM	14.1
3:07:15 PM	14.1
3:07:16 PM	14.1
3:07:17 PM	14.0
3:07:18 PM	14.1
3:07:19 PM	14.1
3:07:21 PM	14.1
3:07:22 PM	14.0
3:07:23 PM	14.1
3:07:24 PM	14.1
3:07:25 PM	14.1
3:07:26 PM	14.1
3:07:27 PM	14.1
3:07:28 PM	14.1
3:07:29 PM	14.1
3:07:30 PM	14.1
3:07:31 PM	14.1
3:07:32 PM	14.1
3:07:33 PM	14.1
3:07:34 PM	14.1
3:07:35 PM	14.1
3:07:36 PM	14.1
3:07:37 PM	14.1
3:07:38 PM	14.1
3:07:39 PM	14.1
3:07:40 PM	14.1
3:07:41 PM	14.2
3:07:42 PM	14.2
3:07:43 PM	14.2
3:07:44 PM	14.1
3:07:45 PM	14.2
3:07:46 PM	14.2
3:07:47 PM	14.1
3:07:48 PM	14.1
3:07:49 PM	14.2
3:07:50 PM	14.2
3:07:51 PM	14.2
3:07:52 PM	14.2
3:07:53 PM	14.2
3:07:54 PM	14.2
3:07:55 PM	14.1
3:07:56 PM	14.1
3:07:57 PM	14.2
3:07:58 PM	14.2
3:07:59 PM	14.1
3:08:00 PM	14.2
3:08:01 PM	14.2
3:08:02 PM	14.2
3:08:03 PM	14.2
3:08:04 PM	14.2
3:08:05 PM	14.2
3:08:06 PM	14.2
3:08:07 PM	14.2
3:08:08 PM	14.2
3:08:09 PM	14.2
3:08:10 PM	14.2
3:08:11 PM	14.2
3:08:12 PM	14.2
3:08:13 PM	14.2
3:08:14 PM	14.2
3:08:15 PM	14.2
3:08:16 PM	14.2
3:08:17 PM	14.2
3:08:18 PM	14.2
3:08:19 PM	14.2
3:08:20 PM	14.2
3:08:21 PM	14.2
3:08:22 PM	14.2
3:08:23 PM	14.2
3:08:24 PM	14.2
3:08:25 PM	14.2
3:08:26 PM	14.3
3:08:27 PM	14.3
3:08:28 PM	14.3
3:08:29 PM	14.3
3:08:30 PM	14.3
3:08:31 PM	14.3
3:08:32 PM	14.3
3:08:34 PM	14.3
3:08:35 PM	14.3
3:08:36 PM	14.3
3:08:37 PM	14.3
3:08:38 PM	14.3
3:08:39 PM	14.2
3:08:40 PM	14.3
3:08:41 PM	14.3
3:08:42 PM	14.3
3:08:43 PM	14.3
3:08:44 PM	14.3
3:08:45 PM	14.3
3:08:46 PM	14.3
3:08:47 PM	14.3
3:08:48 PM	14.3
3:08:49 PM	14.3
3:08:50 PM	14.3
3:08:51 PM	14.3
3:08:52 PM	14.3
3:08:53 PM	14.3
3:08:54 PM	14.3
3:08:55 PM	14.3
3:08:56 PM	14.3
3:08:57 PM	14.3
3:08:58 PM	14.3
3:08:59 PM	14.3
3:09:00 PM	14.3
3:09:01 PM	14.3
3:09:02 PM	14.3
3:09:03 PM	14.3
3:09:04 PM	14.3
3:09:05 PM	14.3
3:09:06 PM	14.3
3:09:07 PM	14.3
3:09:08 PM	14.3
3:09:09 PM	14.3
3:09:10 PM	14.3
3:09:11 PM	14.3
3:09:12 PM	14.3
3:09:13 PM	14.3
3:09:14 PM	14.3
3:09:15 PM	14.3
3:09:16 PM	14.3
3:09:17 PM	14.3
3:09:18 PM	14.4
3:09:19 PM	14.4
3:09:20 PM	14.4
3:09:21 PM	14.4
3:09:22 PM	14.4
3:09:23 PM	14.4
3:09:24 PM	14.4
3:09:25 PM	14.4
3:09:26 PM	14.4
3:09:27 PM	14.4
3:09:28 PM	14.4
3:09:29 PM	14.4
3:09:30 PM	14.4
3:09:31 PM	14.4
3:09:32 PM	14.4
3:09:33 PM	14.4
3:09:34 PM	14.4
3:09:35 PM	14.4
3:09:36 PM	14.4
3:09:37 PM	14.4
3:09:38 PM	14.4
3:09:39 PM	14.4
3:09:40 PM	14.4
3:09:41 PM	14.4
3:09:42 PM	14.4
3:09:43 PM	14.4
3:09:44 PM	14.4
3:09:46 PM	14.4
3:09:47 PM	14.4
3:09:48 PM	14.4
3:09:49 PM	14.4
3:09:50 PM	14.4
3:09:51 PM	14.4
3:09:52 PM	14.4
3:09:53 PM	14.4
3:09:54 PM	14.4
3:09:55 PM	14.4
3:09:56 PM	14.4
3:09:57 PM	14.4
3:09:58 PM	14.4
3:09:59 PM	14.4
3:10:00 PM	14.4
3:10:01 PM	14.4
3:10:02 PM	14.4
3:10:03 PM	14.4
3:10:04 PM	14.4
3:10:05 PM	14.4
3:10:06 PM	14.4
3:10:07 PM	14.5
3:10:08 PM	14.5
3:10:09 PM	14.5
3:10:10 PM	14.5
3:10:11 PM	14.5
3:10:12 PM	14.5
3:10:13 PM	14.5
3:10:14 PM	14.5
3:10:15 PM	14.5
3:10:16 PM	14.5
3:10:17 PM	14.5
3:10:18 PM	14.5
3:10:19 PM	14.5
3:10:20 PM	14.5
3:10:21 PM	14.5
3:10:22 PM	14.5
3:10:23 PM	14.5
3:10:24 PM	14.5
3:10:25 PM	14.5
3:10:26 PM	14.5
3:10:27 PM	14.5
3:10:28 PM	14.5
3:10:29 PM	14.5
3:10:30 PM	14.5
3:10:31 PM	14.5
3:10:32 PM	14.5
3:10:33 PM	14.5
3:10:34 PM	14.5
3:10:35 PM	14.5
3:10:36 PM	14.5
3:10:37 PM	14.5
3:10:38 PM	14.5
3:10:39 PM	14.5
3:10:40 PM	14.5
3:10:41 PM	14.5
3:10:42 PM	14.5
3:10:43 PM	14.5
3:10:44 PM	14.5
3:10:45 PM	14.5
3:10:46 PM	14.5
3:10:47 PM	14.5
3:10:48 PM	14.5
3:10:49 PM	14.5
3:10:50 PM	14.5
3:10:51 PM	14.5
3:10:52 PM	14.5
3:10:53 PM	14.5
3:10:54 PM	14.5
3:10:55 PM	14.5
3:10:56 PM	14.5
3:10:58 PM	14.5
3:10:59 PM	14.5
3:11:00 PM	14.5
3:11:01 PM	14.6
3:11:02 PM	14.6
3:11:03 PM	14.6
3:11:04 PM	14.6
3:11:05 PM	14.6
3:11:06 PM	14.6
3:11:07 PM	14.6
3:11:08 PM	14.6
3:11:09 PM	14.6
3:11:10 PM	14.6
3:11:11 PM	14.6
3:11:12 PM	14.6
3:11:13 PM	14.6
3:11:14 PM	14.6
3:11:15 PM	14.6
3:11:16 PM	14.6
3:11:17 PM	14.6
3:11:18 PM	14.6
3:11:19 PM	14.6
3:11:20 PM	14.6
3:11:21 PM	14.6
3:11:22 PM	14.6
3:11:23 PM	14.6
3:11:24 PM	14.6
3:11:25 PM	14.6
3:11:26 PM	14.6
3:11:27 PM	14.6
3:11:28 PM	14.6
3:11:29 PM	14.6
3:11:30 PM	14.6
3:11:31 PM	14.6
3:11:32 PM	14.6
3:11:33 PM	14.6
3:11:34 PM	14.6
3:11:35 PM	14.6
3:11:36 PM	14.6
3:11:37 PM	14.6
3:11:38 PM	14.6
3:11:39 PM	14.6
3:11:40 PM	14.6
3:11:41 PM	14.6
3:11:42 PM	14.6
3:11:43 PM	14.6